---------------------------------------------------------------
[ 2020-04-16T20:08:43+08:00 ] 0.0.0.0 GET localhost/admin
[运行时间：0.068987s] [吞吐率：14.50req/s] [内存消耗：7,223.16kb] [文件加载：75]
[ info ] [ BEHAVIOR ] Run Closure @app_init [ RunTime:0.000019s ]
[ info ] [ LANG ] D:\phpstudy_pro\WWW\qingkaoedu\thinkphp\lang\zh-cn.php
[ info ] [ ROUTE ] array (
  'type' => 'module',
  'module' => 
  array (
    0 => 'admin',
    1 => 'index',
    2 => 'login',
  ),
  'convert' => false,
)
[ info ] [ HEADER ] array (
  'cookie' => 'PHPSESSID=3m3kd49ojj7sqqge2dvpqgc3v4',
  'accept-language' => 'zh-CN,zh;q=0.9,zh-HK;q=0.8',
  'accept-encoding' => 'gzip, deflate, br',
  'sec-fetch-dest' => 'document',
  'sec-fetch-user' => '?1',
  'sec-fetch-mode' => 'navigate',
  'sec-fetch-site' => 'none',
  'accept' => 'text/html,application/xhtml+xml,application/xml;q=0.9,image/webp,image/apng,*/*;q=0.8,application/signed-exchange;v=b3;q=0.9',
  'user-agent' => 'Mozilla/5.0 (Windows NT 10.0; Win64; x64) AppleWebKit/537.36 (KHTML, like Gecko) Chrome/81.0.4044.113 Safari/537.36',
  'upgrade-insecure-requests' => '1',
  'connection' => 'close',
  'host' => 'localhost',
)
[ info ] [ PARAM ] array (
)
[ info ] [ CACHE ] INIT File
[ info ] [ DB ] INIT mysql
[ info ] [ SESSION ] INIT array (
  'id' => '',
  'var_session_id' => '',
  'prefix' => 'think',
  'type' => '',
  'auto_start' => true,
)
[ info ] [ BEHAVIOR ] Run Closure @action_begin [ RunTime:0.001505s ]
[ info ] [ RUN ] app\admin\controller\Index->login[ D:\phpstudy_pro\WWW\qingkaoedu\application\admin\controller\Index.php ]
[ info ] [ LOG ] INIT File
[ sql ] [ DB ] CONNECT:[ UseTime:0.000981s ] mysql:host=127.0.0.1;port=3306;dbname=qingkaoedu;charset=utf8
[ sql ] [ SQL ] SHOW COLUMNS FROM `edu_user` [ RunTime:0.002095s ]
[ sql ] [ SQL ] SELECT * FROM `edu_user` WHERE  `id` = 0 LIMIT 1 [ RunTime:0.001484s ]
[ sql ] [ SQL ] SHOW COLUMNS FROM `edu_auth_rule` [ RunTime:0.001718s ]
[ sql ] [ SQL ] SELECT * FROM `edu_auth_rule` WHERE  `type` = 'nav'  AND `status` = 1 ORDER BY `sort_order` ASC [ RunTime:0.000662s ]
[ sql ] [ SQL ] SELECT * FROM `edu_auth_rule` WHERE  `url` = 'admin/index/login' ORDER BY `pid` DESC LIMIT 1 [ RunTime:0.000620s ]
---------------------------------------------------------------
[ 2020-04-16T20:08:43+08:00 ] 0.0.0.0 GET localhost/admin/index/index.html
[运行时间：0.199365s] [吞吐率：5.02req/s] [内存消耗：7,634.66kb] [文件加载：84]
[ info ] [ BEHAVIOR ] Run Closure @app_init [ RunTime:0.000034s ]
[ info ] [ LANG ] D:\phpstudy_pro\WWW\qingkaoedu\thinkphp\lang\zh-cn.php
[ info ] [ ROUTE ] array (
  'type' => 'module',
  'module' => 
  array (
    0 => 'admin',
    1 => 'index',
    2 => 'index',
  ),
)
[ info ] [ HEADER ] array (
  'cookie' => 'PHPSESSID=3m3kd49ojj7sqqge2dvpqgc3v4',
  'accept-language' => 'zh-CN,zh;q=0.9,zh-HK;q=0.8',
  'accept-encoding' => 'gzip, deflate, br',
  'sec-fetch-dest' => 'document',
  'sec-fetch-user' => '?1',
  'sec-fetch-mode' => 'navigate',
  'sec-fetch-site' => 'none',
  'accept' => 'text/html,application/xhtml+xml,application/xml;q=0.9,image/webp,image/apng,*/*;q=0.8,application/signed-exchange;v=b3;q=0.9',
  'user-agent' => 'Mozilla/5.0 (Windows NT 10.0; Win64; x64) AppleWebKit/537.36 (KHTML, like Gecko) Chrome/81.0.4044.113 Safari/537.36',
  'upgrade-insecure-requests' => '1',
  'connection' => 'close',
  'host' => 'localhost',
)
[ info ] [ PARAM ] array (
)
[ info ] [ CACHE ] INIT File
[ info ] [ DB ] INIT mysql
[ info ] [ SESSION ] INIT array (
  'id' => '',
  'var_session_id' => '',
  'prefix' => 'think',
  'type' => '',
  'auto_start' => true,
)
[ info ] [ BEHAVIOR ] Run Closure @action_begin [ RunTime:0.001520s ]
[ info ] [ RUN ] app\admin\controller\Index->index[ D:\phpstudy_pro\WWW\qingkaoedu\application\admin\controller\Index.php ]
[ info ] [ VIEW ] D:\phpstudy_pro\WWW\qingkaoedu\public/../application/admin\view\index\index.html [ array (
  0 => 'userInfo',
  1 => 'navbar',
  2 => 'breadcrumb',
  3 => 'empty',
  4 => 'addtime',
  5 => 'index',
  6 => 'server',
  7 => 'teacherInfo',
  8 => 'url',
  9 => 'authoInfo',
  10 => 'version',
  11 => 'lastVersion',
  12 => 'tixianList',
  13 => 'profit',
) ]
[ info ] [ LOG ] INIT File
[ sql ] [ DB ] CONNECT:[ UseTime:0.000822s ] mysql:host=127.0.0.1;port=3306;dbname=qingkaoedu;charset=utf8
[ sql ] [ SQL ] SHOW COLUMNS FROM `edu_user` [ RunTime:0.001791s ]
[ sql ] [ SQL ] SELECT * FROM `edu_user` WHERE  `id` = 0 LIMIT 1 [ RunTime:0.000538s ]
[ sql ] [ SQL ] SHOW COLUMNS FROM `edu_auth_rule` [ RunTime:0.001370s ]
[ sql ] [ SQL ] SELECT * FROM `edu_auth_rule` WHERE  `type` = 'nav'  AND `status` = 1 ORDER BY `sort_order` ASC [ RunTime:0.000740s ]
[ sql ] [ SQL ] SELECT * FROM `edu_auth_rule` WHERE  `url` = 'admin/index/index' ORDER BY `pid` DESC LIMIT 1 [ RunTime:0.000496s ]
[ sql ] [ SQL ] SELECT * FROM `edu_auth_rule` WHERE  `index` = 1  AND `status` = 1 ORDER BY `pid` ASC,`sort_order` ASC [ RunTime:0.000611s ]
[ sql ] [ SQL ] select VERSION() as version [ RunTime:0.000138s ]
[ sql ] [ SQL ] SHOW COLUMNS FROM `edu_cooperate` [ RunTime:0.002105s ]
[ sql ] [ SQL ] SELECT * FROM `edu_cooperate` WHERE  `uid` = 0 LIMIT 1 [ RunTime:0.000759s ]
[ sql ] [ SQL ] SHOW COLUMNS FROM `edu_tixian` [ RunTime:0.001639s ]
[ sql ] [ SQL ] SELECT COUNT(*) AS tp_count FROM `edu_tixian` WHERE  `tid` = -2 LIMIT 1 [ RunTime:0.001035s ]
[ sql ] [ SQL ] SELECT * FROM `edu_tixian` WHERE  `tid` = -2 ORDER BY `id` DESC LIMIT 0,9 [ RunTime:0.000366s ]
[ sql ] [ SQL ] SHOW COLUMNS FROM `edu_profit` [ RunTime:0.001477s ]
[ sql ] [ SQL ] SELECT `profit` FROM `edu_profit` WHERE  `tid` = -2 LIMIT 1 [ RunTime:0.000531s ]
---------------------------------------------------------------
[ 2020-04-16T20:09:29+08:00 ] 0.0.0.0 GET localhost/admin
[运行时间：0.096780s] [吞吐率：10.33req/s] [内存消耗：7,238.48kb] [文件加载：76]
[ info ] [ BEHAVIOR ] Run Closure @app_init [ RunTime:0.000024s ]
[ info ] [ LANG ] D:\phpstudy_pro\WWW\qingkaoedu\thinkphp\lang\zh-cn.php
[ info ] [ ROUTE ] array (
  'type' => 'module',
  'module' => 
  array (
    0 => 'admin',
    1 => 'index',
    2 => 'login',
  ),
  'convert' => false,
)
[ info ] [ HEADER ] array (
  'cookie' => 'PHPSESSID=3m3kd49ojj7sqqge2dvpqgc3v4',
  'accept-language' => 'zh-CN,zh;q=0.9,zh-HK;q=0.8',
  'accept-encoding' => 'gzip, deflate, br',
  'sec-fetch-dest' => 'document',
  'sec-fetch-user' => '?1',
  'sec-fetch-mode' => 'navigate',
  'sec-fetch-site' => 'none',
  'accept' => 'text/html,application/xhtml+xml,application/xml;q=0.9,image/webp,image/apng,*/*;q=0.8,application/signed-exchange;v=b3;q=0.9',
  'user-agent' => 'Mozilla/5.0 (Windows NT 10.0; Win64; x64) AppleWebKit/537.36 (KHTML, like Gecko) Chrome/81.0.4044.113 Safari/537.36',
  'upgrade-insecure-requests' => '1',
  'connection' => 'close',
  'host' => 'localhost',
)
[ info ] [ PARAM ] array (
)
[ info ] [ CACHE ] INIT File
[ info ] [ DB ] INIT mysql
[ info ] [ SESSION ] INIT array (
  'id' => '',
  'var_session_id' => '',
  'prefix' => 'think',
  'type' => '',
  'auto_start' => true,
)
[ info ] [ BEHAVIOR ] Run Closure @action_begin [ RunTime:0.001838s ]
[ info ] [ RUN ] app\admin\controller\Index->login[ D:\phpstudy_pro\WWW\qingkaoedu\application\admin\controller\Index.php ]
[ info ] [ LOG ] INIT File
[ sql ] [ DB ] CONNECT:[ UseTime:0.000845s ] mysql:host=127.0.0.1;port=3306;dbname=qingkaoedu;charset=utf8
[ sql ] [ SQL ] SHOW COLUMNS FROM `edu_system` [ RunTime:0.001648s ]
[ sql ] [ SQL ] SELECT * FROM `edu_system` [ RunTime:0.000718s ]
[ sql ] [ SQL ] SHOW COLUMNS FROM `edu_user` [ RunTime:0.001574s ]
[ sql ] [ SQL ] SELECT * FROM `edu_user` WHERE  `id` = 0 LIMIT 1 [ RunTime:0.000532s ]
[ sql ] [ SQL ] SHOW COLUMNS FROM `edu_auth_rule` [ RunTime:0.001416s ]
[ sql ] [ SQL ] SELECT * FROM `edu_auth_rule` WHERE  `type` = 'nav'  AND `status` = 1 ORDER BY `sort_order` ASC [ RunTime:0.000870s ]
[ sql ] [ SQL ] SELECT * FROM `edu_auth_rule` WHERE  `url` = 'admin/index/login' ORDER BY `pid` DESC LIMIT 1 [ RunTime:0.000809s ]
---------------------------------------------------------------
[ 2020-04-16T20:09:29+08:00 ] 0.0.0.0 GET localhost/admin/index/index.html
[运行时间：0.104086s] [吞吐率：9.61req/s] [内存消耗：7,387.59kb] [文件加载：82]
[ info ] [ BEHAVIOR ] Run Closure @app_init [ RunTime:0.000019s ]
[ info ] [ LANG ] D:\phpstudy_pro\WWW\qingkaoedu\thinkphp\lang\zh-cn.php
[ info ] [ ROUTE ] array (
  'type' => 'module',
  'module' => 
  array (
    0 => 'admin',
    1 => 'index',
    2 => 'index',
  ),
)
[ info ] [ HEADER ] array (
  'cookie' => 'PHPSESSID=3m3kd49ojj7sqqge2dvpqgc3v4',
  'accept-language' => 'zh-CN,zh;q=0.9,zh-HK;q=0.8',
  'accept-encoding' => 'gzip, deflate, br',
  'sec-fetch-dest' => 'document',
  'sec-fetch-user' => '?1',
  'sec-fetch-mode' => 'navigate',
  'sec-fetch-site' => 'none',
  'accept' => 'text/html,application/xhtml+xml,application/xml;q=0.9,image/webp,image/apng,*/*;q=0.8,application/signed-exchange;v=b3;q=0.9',
  'user-agent' => 'Mozilla/5.0 (Windows NT 10.0; Win64; x64) AppleWebKit/537.36 (KHTML, like Gecko) Chrome/81.0.4044.113 Safari/537.36',
  'upgrade-insecure-requests' => '1',
  'connection' => 'close',
  'host' => 'localhost',
)
[ info ] [ PARAM ] array (
)
[ info ] [ CACHE ] INIT File
[ info ] [ DB ] INIT mysql
[ info ] [ SESSION ] INIT array (
  'id' => '',
  'var_session_id' => '',
  'prefix' => 'think',
  'type' => '',
  'auto_start' => true,
)
[ info ] [ BEHAVIOR ] Run Closure @action_begin [ RunTime:0.001478s ]
[ info ] [ RUN ] app\admin\controller\Index->index[ D:\phpstudy_pro\WWW\qingkaoedu\application\admin\controller\Index.php ]
[ info ] [ VIEW ] D:\phpstudy_pro\WWW\qingkaoedu\public/../application/admin\view\index\index.html [ array (
  0 => 'userInfo',
  1 => 'navbar',
  2 => 'breadcrumb',
  3 => 'empty',
  4 => 'addtime',
  5 => 'index',
  6 => 'server',
  7 => 'teacherInfo',
  8 => 'url',
  9 => 'authoInfo',
  10 => 'version',
  11 => 'lastVersion',
  12 => 'tixianList',
  13 => 'profit',
) ]
[ info ] [ LOG ] INIT File
[ sql ] [ DB ] CONNECT:[ UseTime:0.000971s ] mysql:host=127.0.0.1;port=3306;dbname=qingkaoedu;charset=utf8
[ sql ] [ SQL ] SHOW COLUMNS FROM `edu_user` [ RunTime:0.002282s ]
[ sql ] [ SQL ] SELECT * FROM `edu_user` WHERE  `id` = 0 LIMIT 1 [ RunTime:0.000694s ]
[ sql ] [ SQL ] SHOW COLUMNS FROM `edu_auth_rule` [ RunTime:0.001623s ]
[ sql ] [ SQL ] SELECT * FROM `edu_auth_rule` WHERE  `type` = 'nav'  AND `status` = 1 ORDER BY `sort_order` ASC [ RunTime:0.000848s ]
[ sql ] [ SQL ] SELECT * FROM `edu_auth_rule` WHERE  `url` = 'admin/index/index' ORDER BY `pid` DESC LIMIT 1 [ RunTime:0.000526s ]
[ sql ] [ SQL ] SELECT * FROM `edu_auth_rule` WHERE  `index` = 1  AND `status` = 1 ORDER BY `pid` ASC,`sort_order` ASC [ RunTime:0.000564s ]
[ sql ] [ SQL ] select VERSION() as version [ RunTime:0.000208s ]
[ sql ] [ SQL ] SHOW COLUMNS FROM `edu_cooperate` [ RunTime:0.001567s ]
[ sql ] [ SQL ] SELECT * FROM `edu_cooperate` WHERE  `uid` = 0 LIMIT 1 [ RunTime:0.000502s ]
[ sql ] [ SQL ] SHOW COLUMNS FROM `edu_tixian` [ RunTime:0.001716s ]
[ sql ] [ SQL ] SELECT COUNT(*) AS tp_count FROM `edu_tixian` WHERE  `tid` = -2 LIMIT 1 [ RunTime:0.000667s ]
[ sql ] [ SQL ] SELECT * FROM `edu_tixian` WHERE  `tid` = -2 ORDER BY `id` DESC LIMIT 0,9 [ RunTime:0.000249s ]
[ sql ] [ SQL ] SHOW COLUMNS FROM `edu_profit` [ RunTime:0.001430s ]
[ sql ] [ SQL ] SELECT `profit` FROM `edu_profit` WHERE  `tid` = -2 LIMIT 1 [ RunTime:0.000490s ]
---------------------------------------------------------------
[ 2020-04-16T20:09:54+08:00 ] 0.0.0.0 GET localhost/admin/index/index.html
[运行时间：0.118220s] [吞吐率：8.46req/s] [内存消耗：7,381.29kb] [文件加载：82]
[ info ] [ BEHAVIOR ] Run Closure @app_init [ RunTime:0.000038s ]
[ info ] [ LANG ] D:\phpstudy_pro\WWW\qingkaoedu\thinkphp\lang\zh-cn.php
[ info ] [ ROUTE ] array (
  'type' => 'module',
  'module' => 
  array (
    0 => 'admin',
    1 => 'index',
    2 => 'index',
  ),
)
[ info ] [ HEADER ] array (
  'cookie' => 'PHPSESSID=3m3kd49ojj7sqqge2dvpqgc3v4',
  'accept-language' => 'zh-CN,zh;q=0.9,zh-HK;q=0.8',
  'accept-encoding' => 'gzip, deflate, br',
  'sec-fetch-dest' => 'document',
  'sec-fetch-user' => '?1',
  'sec-fetch-mode' => 'navigate',
  'sec-fetch-site' => 'none',
  'accept' => 'text/html,application/xhtml+xml,application/xml;q=0.9,image/webp,image/apng,*/*;q=0.8,application/signed-exchange;v=b3;q=0.9',
  'user-agent' => 'Mozilla/5.0 (Windows NT 10.0; Win64; x64) AppleWebKit/537.36 (KHTML, like Gecko) Chrome/81.0.4044.113 Safari/537.36',
  'upgrade-insecure-requests' => '1',
  'cache-control' => 'max-age=0',
  'connection' => 'close',
  'host' => 'localhost',
)
[ info ] [ PARAM ] array (
)
[ info ] [ CACHE ] INIT File
[ info ] [ DB ] INIT mysql
[ info ] [ SESSION ] INIT array (
  'id' => '',
  'var_session_id' => '',
  'prefix' => 'think',
  'type' => '',
  'auto_start' => true,
)
[ info ] [ BEHAVIOR ] Run Closure @action_begin [ RunTime:0.002204s ]
[ info ] [ RUN ] app\admin\controller\Index->index[ D:\phpstudy_pro\WWW\qingkaoedu\application\admin\controller\Index.php ]
[ info ] [ VIEW ] D:\phpstudy_pro\WWW\qingkaoedu\public/../application/admin\view\index\index.html [ array (
  0 => 'userInfo',
  1 => 'navbar',
  2 => 'breadcrumb',
  3 => 'empty',
  4 => 'addtime',
  5 => 'index',
  6 => 'server',
  7 => 'teacherInfo',
  8 => 'url',
  9 => 'authoInfo',
  10 => 'version',
  11 => 'lastVersion',
  12 => 'tixianList',
  13 => 'profit',
) ]
[ info ] [ LOG ] INIT File
---------------------------------------------------------------
[ 2020-04-16T20:10:19+08:00 ] 0.0.0.0 GET localhost/admin/index/index.html
[运行时间：0.095522s] [吞吐率：10.47req/s] [内存消耗：7,381.29kb] [文件加载：82]
[ info ] [ BEHAVIOR ] Run Closure @app_init [ RunTime:0.000023s ]
[ info ] [ LANG ] D:\phpstudy_pro\WWW\qingkaoedu\thinkphp\lang\zh-cn.php
[ info ] [ ROUTE ] array (
  'type' => 'module',
  'module' => 
  array (
    0 => 'admin',
    1 => 'index',
    2 => 'index',
  ),
)
[ info ] [ HEADER ] array (
  'cookie' => 'PHPSESSID=3m3kd49ojj7sqqge2dvpqgc3v4',
  'accept-language' => 'zh-CN,zh;q=0.9,zh-HK;q=0.8',
  'accept-encoding' => 'gzip, deflate, br',
  'sec-fetch-dest' => 'document',
  'sec-fetch-user' => '?1',
  'sec-fetch-mode' => 'navigate',
  'sec-fetch-site' => 'none',
  'accept' => 'text/html,application/xhtml+xml,application/xml;q=0.9,image/webp,image/apng,*/*;q=0.8,application/signed-exchange;v=b3;q=0.9',
  'user-agent' => 'Mozilla/5.0 (Windows NT 10.0; Win64; x64) AppleWebKit/537.36 (KHTML, like Gecko) Chrome/81.0.4044.113 Safari/537.36',
  'upgrade-insecure-requests' => '1',
  'cache-control' => 'max-age=0',
  'connection' => 'close',
  'host' => 'localhost',
)
[ info ] [ PARAM ] array (
)
[ info ] [ CACHE ] INIT File
[ info ] [ DB ] INIT mysql
[ info ] [ SESSION ] INIT array (
  'id' => '',
  'var_session_id' => '',
  'prefix' => 'think',
  'type' => '',
  'auto_start' => true,
)
[ info ] [ BEHAVIOR ] Run Closure @action_begin [ RunTime:0.001828s ]
[ info ] [ RUN ] app\admin\controller\Index->index[ D:\phpstudy_pro\WWW\qingkaoedu\application\admin\controller\Index.php ]
[ info ] [ VIEW ] D:\phpstudy_pro\WWW\qingkaoedu\public/../application/admin\view\index\index.html [ array (
  0 => 'userInfo',
  1 => 'navbar',
  2 => 'breadcrumb',
  3 => 'empty',
  4 => 'addtime',
  5 => 'index',
  6 => 'server',
  7 => 'teacherInfo',
  8 => 'url',
  9 => 'authoInfo',
  10 => 'version',
  11 => 'lastVersion',
  12 => 'tixianList',
  13 => 'profit',
) ]
[ info ] [ LOG ] INIT File
---------------------------------------------------------------
[ 2020-04-16T20:12:12+08:00 ] 0.0.0.0 GET localhost/admin/course/videoadd.html
[运行时间：0.094895s] [吞吐率：10.54req/s] [内存消耗：7,355.77kb] [文件加载：76]
[ info ] [ BEHAVIOR ] Run Closure @app_init [ RunTime:0.000017s ]
[ info ] [ LANG ] D:\phpstudy_pro\WWW\qingkaoedu\thinkphp\lang\zh-cn.php
[ info ] [ ROUTE ] array (
  'type' => 'module',
  'module' => 
  array (
    0 => 'admin',
    1 => 'course',
    2 => 'videoadd',
  ),
)
[ info ] [ HEADER ] array (
  'cookie' => 'p_h5_upload_u=A3F72D3F-F058-4915-8B56-7E8B13E1EC2B; PHPSESSID=3m3kd49ojj7sqqge2dvpqgc3v4',
  'accept-language' => 'zh-CN,zh;q=0.9,zh-HK;q=0.8',
  'accept-encoding' => 'gzip, deflate, br',
  'referer' => 'http://localhost/admin/course/videoindex',
  'sec-fetch-dest' => 'document',
  'sec-fetch-user' => '?1',
  'sec-fetch-mode' => 'navigate',
  'sec-fetch-site' => 'same-origin',
  'accept' => 'text/html,application/xhtml+xml,application/xml;q=0.9,image/webp,image/apng,*/*;q=0.8,application/signed-exchange;v=b3;q=0.9',
  'user-agent' => 'Mozilla/5.0 (Windows NT 10.0; Win64; x64) AppleWebKit/537.36 (KHTML, like Gecko) Chrome/81.0.4044.113 Safari/537.36',
  'upgrade-insecure-requests' => '1',
  'cache-control' => 'max-age=0',
  'connection' => 'close',
  'host' => 'localhost',
)
[ info ] [ PARAM ] array (
)
[ info ] [ CACHE ] INIT File
[ info ] [ DB ] INIT mysql
[ info ] [ SESSION ] INIT array (
  'id' => '',
  'var_session_id' => '',
  'prefix' => 'think',
  'type' => '',
  'auto_start' => true,
)
[ info ] [ BEHAVIOR ] Run Closure @action_begin [ RunTime:0.001534s ]
[ info ] [ RUN ] app\admin\controller\Course->videoAdd[ D:\phpstudy_pro\WWW\qingkaoedu\application\admin\controller\Course.php ]
[ info ] [ VIEW ] D:\phpstudy_pro\WWW\qingkaoedu\public/../application/admin\view\course\videosave.html [ array (
  0 => 'userInfo',
  1 => 'navbar',
  2 => 'breadcrumb',
  3 => 'empty',
  4 => 'addtime',
  5 => 'courseCategory',
) ]
[ info ] [ LOG ] INIT File
---------------------------------------------------------------
[ 2020-04-16T20:12:15+08:00 ] 0.0.0.0 GET localhost/admin/course/videoadd.html
[运行时间：0.076379s] [吞吐率：13.09req/s] [内存消耗：7,355.95kb] [文件加载：76]
[ info ] [ BEHAVIOR ] Run Closure @app_init [ RunTime:0.000020s ]
[ info ] [ LANG ] D:\phpstudy_pro\WWW\qingkaoedu\thinkphp\lang\zh-cn.php
[ info ] [ ROUTE ] array (
  'type' => 'module',
  'module' => 
  array (
    0 => 'admin',
    1 => 'course',
    2 => 'videoadd',
  ),
)
[ info ] [ HEADER ] array (
  'cookie' => 'p_h5_upload_u=A3F72D3F-F058-4915-8B56-7E8B13E1EC2B; PHPSESSID=3m3kd49ojj7sqqge2dvpqgc3v4',
  'accept-language' => 'zh-CN,zh;q=0.9,zh-HK;q=0.8',
  'accept-encoding' => 'gzip, deflate, br',
  'referer' => 'http://localhost/admin/course/videoindex',
  'sec-fetch-dest' => 'document',
  'sec-fetch-user' => '?1',
  'sec-fetch-mode' => 'navigate',
  'sec-fetch-site' => 'same-origin',
  'accept' => 'text/html,application/xhtml+xml,application/xml;q=0.9,image/webp,image/apng,*/*;q=0.8,application/signed-exchange;v=b3;q=0.9',
  'user-agent' => 'Mozilla/5.0 (Windows NT 10.0; Win64; x64) AppleWebKit/537.36 (KHTML, like Gecko) Chrome/81.0.4044.113 Safari/537.36',
  'upgrade-insecure-requests' => '1',
  'cache-control' => 'no-cache',
  'pragma' => 'no-cache',
  'connection' => 'close',
  'host' => 'localhost',
)
[ info ] [ PARAM ] array (
)
[ info ] [ CACHE ] INIT File
[ info ] [ DB ] INIT mysql
[ info ] [ SESSION ] INIT array (
  'id' => '',
  'var_session_id' => '',
  'prefix' => 'think',
  'type' => '',
  'auto_start' => true,
)
[ info ] [ BEHAVIOR ] Run Closure @action_begin [ RunTime:0.001363s ]
[ info ] [ RUN ] app\admin\controller\Course->videoAdd[ D:\phpstudy_pro\WWW\qingkaoedu\application\admin\controller\Course.php ]
[ info ] [ VIEW ] D:\phpstudy_pro\WWW\qingkaoedu\public/../application/admin\view\course\videosave.html [ array (
  0 => 'userInfo',
  1 => 'navbar',
  2 => 'breadcrumb',
  3 => 'empty',
  4 => 'addtime',
  5 => 'courseCategory',
) ]
[ info ] [ LOG ] INIT File
---------------------------------------------------------------
[ 2020-04-16T20:12:22+08:00 ] 0.0.0.0 GET localhost/admin/course/videoadd.html
[运行时间：0.083530s] [吞吐率：11.97req/s] [内存消耗：7,355.95kb] [文件加载：76]
[ info ] [ BEHAVIOR ] Run Closure @app_init [ RunTime:0.000018s ]
[ info ] [ LANG ] D:\phpstudy_pro\WWW\qingkaoedu\thinkphp\lang\zh-cn.php
[ info ] [ ROUTE ] array (
  'type' => 'module',
  'module' => 
  array (
    0 => 'admin',
    1 => 'course',
    2 => 'videoadd',
  ),
)
[ info ] [ HEADER ] array (
  'cookie' => 'p_h5_upload_u=A3F72D3F-F058-4915-8B56-7E8B13E1EC2B; PHPSESSID=3m3kd49ojj7sqqge2dvpqgc3v4',
  'accept-language' => 'zh-CN,zh;q=0.9,zh-HK;q=0.8',
  'accept-encoding' => 'gzip, deflate, br',
  'referer' => 'http://localhost/admin/course/videoindex',
  'sec-fetch-dest' => 'document',
  'sec-fetch-user' => '?1',
  'sec-fetch-mode' => 'navigate',
  'sec-fetch-site' => 'same-origin',
  'accept' => 'text/html,application/xhtml+xml,application/xml;q=0.9,image/webp,image/apng,*/*;q=0.8,application/signed-exchange;v=b3;q=0.9',
  'user-agent' => 'Mozilla/5.0 (Windows NT 10.0; Win64; x64) AppleWebKit/537.36 (KHTML, like Gecko) Chrome/81.0.4044.113 Safari/537.36',
  'upgrade-insecure-requests' => '1',
  'cache-control' => 'no-cache',
  'pragma' => 'no-cache',
  'connection' => 'close',
  'host' => 'localhost',
)
[ info ] [ PARAM ] array (
)
[ info ] [ CACHE ] INIT File
[ info ] [ DB ] INIT mysql
[ info ] [ SESSION ] INIT array (
  'id' => '',
  'var_session_id' => '',
  'prefix' => 'think',
  'type' => '',
  'auto_start' => true,
)
[ info ] [ BEHAVIOR ] Run Closure @action_begin [ RunTime:0.001358s ]
[ info ] [ RUN ] app\admin\controller\Course->videoAdd[ D:\phpstudy_pro\WWW\qingkaoedu\application\admin\controller\Course.php ]
[ info ] [ VIEW ] D:\phpstudy_pro\WWW\qingkaoedu\public/../application/admin\view\course\videosave.html [ array (
  0 => 'userInfo',
  1 => 'navbar',
  2 => 'breadcrumb',
  3 => 'empty',
  4 => 'addtime',
  5 => 'courseCategory',
) ]
[ info ] [ LOG ] INIT File
---------------------------------------------------------------
[ 2020-04-16T20:12:23+08:00 ] 0.0.0.0 POST localhost/admin/index/clear.html
[运行时间：0.173193s] [吞吐率：5.77req/s] [内存消耗：7,031.24kb] [文件加载：71]
[ info ] [ BEHAVIOR ] Run Closure @app_init [ RunTime:0.000038s ]
[ info ] [ LANG ] D:\phpstudy_pro\WWW\qingkaoedu\thinkphp\lang\zh-cn.php
[ info ] [ ROUTE ] array (
  'type' => 'module',
  'module' => 
  array (
    0 => 'admin',
    1 => 'index',
    2 => 'clear',
  ),
)
[ info ] [ HEADER ] array (
  'cookie' => 'PHPSESSID=3m3kd49ojj7sqqge2dvpqgc3v4',
  'accept-language' => 'zh-CN,zh;q=0.9,zh-HK;q=0.8',
  'accept-encoding' => 'gzip, deflate, br',
  'referer' => 'http://localhost/admin/course/videoadd.html',
  'sec-fetch-dest' => 'empty',
  'sec-fetch-mode' => 'cors',
  'sec-fetch-site' => 'same-origin',
  'origin' => 'http://localhost',
  'x-requested-with' => 'XMLHttpRequest',
  'user-agent' => 'Mozilla/5.0 (Windows NT 10.0; Win64; x64) AppleWebKit/537.36 (KHTML, like Gecko) Chrome/81.0.4044.113 Safari/537.36',
  'accept' => 'application/json, text/javascript, */*; q=0.01',
  'content-length' => '0',
  'connection' => 'close',
  'host' => 'localhost',
)
[ info ] [ PARAM ] array (
)
[ info ] [ CACHE ] INIT File
[ info ] [ DB ] INIT mysql
[ info ] [ SESSION ] INIT array (
  'id' => '',
  'var_session_id' => '',
  'prefix' => 'think',
  'type' => '',
  'auto_start' => true,
)
[ info ] [ BEHAVIOR ] Run Closure @action_begin [ RunTime:0.001488s ]
[ info ] [ RUN ] app\admin\controller\Index->clear[ D:\phpstudy_pro\WWW\qingkaoedu\application\admin\controller\Index.php ]
[ info ] [ LOG ] INIT File
---------------------------------------------------------------
[ 2020-04-16T20:12:25+08:00 ] 0.0.0.0 GET localhost/admin/course/videoadd.html
[运行时间：0.106872s] [吞吐率：9.36req/s] [内存消耗：7,370.49kb] [文件加载：77]
[ info ] [ BEHAVIOR ] Run Closure @app_init [ RunTime:0.000023s ]
[ info ] [ LANG ] D:\phpstudy_pro\WWW\qingkaoedu\thinkphp\lang\zh-cn.php
[ info ] [ ROUTE ] array (
  'type' => 'module',
  'module' => 
  array (
    0 => 'admin',
    1 => 'course',
    2 => 'videoadd',
  ),
)
[ info ] [ HEADER ] array (
  'cookie' => 'p_h5_upload_u=A3F72D3F-F058-4915-8B56-7E8B13E1EC2B; PHPSESSID=3m3kd49ojj7sqqge2dvpqgc3v4',
  'accept-language' => 'zh-CN,zh;q=0.9,zh-HK;q=0.8',
  'accept-encoding' => 'gzip, deflate, br',
  'referer' => 'http://localhost/admin/course/videoadd.html',
  'sec-fetch-dest' => 'document',
  'sec-fetch-user' => '?1',
  'sec-fetch-mode' => 'navigate',
  'sec-fetch-site' => 'same-origin',
  'accept' => 'text/html,application/xhtml+xml,application/xml;q=0.9,image/webp,image/apng,*/*;q=0.8,application/signed-exchange;v=b3;q=0.9',
  'user-agent' => 'Mozilla/5.0 (Windows NT 10.0; Win64; x64) AppleWebKit/537.36 (KHTML, like Gecko) Chrome/81.0.4044.113 Safari/537.36',
  'upgrade-insecure-requests' => '1',
  'connection' => 'close',
  'host' => 'localhost',
)
[ info ] [ PARAM ] array (
)
[ info ] [ CACHE ] INIT File
[ info ] [ DB ] INIT mysql
[ info ] [ SESSION ] INIT array (
  'id' => '',
  'var_session_id' => '',
  'prefix' => 'think',
  'type' => '',
  'auto_start' => true,
)
[ info ] [ BEHAVIOR ] Run Closure @action_begin [ RunTime:0.002733s ]
[ info ] [ RUN ] app\admin\controller\Course->videoAdd[ D:\phpstudy_pro\WWW\qingkaoedu\application\admin\controller\Course.php ]
[ info ] [ VIEW ] D:\phpstudy_pro\WWW\qingkaoedu\public/../application/admin\view\course\videosave.html [ array (
  0 => 'userInfo',
  1 => 'navbar',
  2 => 'breadcrumb',
  3 => 'empty',
  4 => 'addtime',
  5 => 'courseCategory',
) ]
[ info ] [ LOG ] INIT File
---------------------------------------------------------------
[ 2020-04-16T20:12:30+08:00 ] 0.0.0.0 POST localhost/admin/index/uploadImage
[运行时间：0.488778s] [吞吐率：2.05req/s] [内存消耗：7,167.67kb] [文件加载：72]
[ info ] [ BEHAVIOR ] Run Closure @app_init [ RunTime:0.000034s ]
[ info ] [ LANG ] D:\phpstudy_pro\WWW\qingkaoedu\thinkphp\lang\zh-cn.php
[ info ] [ ROUTE ] array (
  'type' => 'module',
  'module' => 
  array (
    0 => 'admin',
    1 => 'index',
    2 => 'uploadImage',
  ),
)
[ info ] [ HEADER ] array (
  'cookie' => 'PHPSESSID=3m3kd49ojj7sqqge2dvpqgc3v4',
  'accept-language' => 'zh-CN,zh;q=0.9,zh-HK;q=0.8',
  'accept-encoding' => 'gzip, deflate, br',
  'referer' => 'http://localhost/admin/course/videoadd.html',
  'sec-fetch-dest' => 'empty',
  'sec-fetch-mode' => 'cors',
  'sec-fetch-site' => 'same-origin',
  'origin' => 'http://localhost',
  'content-type' => 'multipart/form-data; boundary=----WebKitFormBoundarySt1HTmDSCu7n9DC1',
  'user-agent' => 'Mozilla/5.0 (Windows NT 10.0; Win64; x64) AppleWebKit/537.36 (KHTML, like Gecko) Chrome/81.0.4044.113 Safari/537.36',
  'x-requested-with' => 'XMLHttpRequest',
  'accept' => 'application/json, text/javascript, */*; q=0.01',
  'content-length' => '946479',
  'connection' => 'close',
  'host' => 'localhost',
)
[ info ] [ PARAM ] array (
)
[ info ] [ CACHE ] INIT File
[ info ] [ DB ] INIT mysql
[ info ] [ SESSION ] INIT array (
  'id' => '',
  'var_session_id' => '',
  'prefix' => 'think',
  'type' => '',
  'auto_start' => true,
)
[ info ] [ BEHAVIOR ] Run Closure @action_begin [ RunTime:0.001776s ]
[ info ] [ RUN ] app\admin\controller\Index->uploadImage[ D:\phpstudy_pro\WWW\qingkaoedu\application\admin\controller\Index.php ]
[ info ] [ LOG ] INIT File
---------------------------------------------------------------
[ 2020-04-16T20:12:49+08:00 ] 0.0.0.0 POST localhost/admin/course/videoadd.html
[运行时间：0.086345s] [吞吐率：11.58req/s] [内存消耗：7,200.59kb] [文件加载：78]
[ info ] [ BEHAVIOR ] Run Closure @app_init [ RunTime:0.000025s ]
[ info ] [ LANG ] D:\phpstudy_pro\WWW\qingkaoedu\thinkphp\lang\zh-cn.php
[ info ] [ ROUTE ] array (
  'type' => 'module',
  'module' => 
  array (
    0 => 'admin',
    1 => 'course',
    2 => 'videoadd',
  ),
)
[ info ] [ HEADER ] array (
  'cookie' => 'p_h5_upload_u=A3F72D3F-F058-4915-8B56-7E8B13E1EC2B; PHPSESSID=3m3kd49ojj7sqqge2dvpqgc3v4',
  'accept-language' => 'zh-CN,zh;q=0.9,zh-HK;q=0.8',
  'accept-encoding' => 'gzip, deflate, br',
  'referer' => 'http://localhost/admin/course/videoadd.html',
  'sec-fetch-dest' => 'empty',
  'sec-fetch-mode' => 'cors',
  'sec-fetch-site' => 'same-origin',
  'origin' => 'http://localhost',
  'content-type' => 'application/x-www-form-urlencoded; charset=UTF-8',
  'user-agent' => 'Mozilla/5.0 (Windows NT 10.0; Win64; x64) AppleWebKit/537.36 (KHTML, like Gecko) Chrome/81.0.4044.113 Safari/537.36',
  'x-requested-with' => 'XMLHttpRequest',
  'accept' => 'application/json, text/javascript, */*; q=0.01',
  'content-length' => '261',
  'connection' => 'close',
  'host' => 'localhost',
)
[ info ] [ PARAM ] array (
  'cid' => '1',
  'picture' => '/upload/image/20200416/48b352f4f2f7bdd38f25359fd799ce26.jpg',
  'title' => '大萨达',
  '__token__' => '5ea70e57f274977c2b4afd43c37756b9',
  'price' => '1',
  'xuni_num' => '300',
  'youxiaoqi' => '100',
  'brief' => '阿萨德撒女',
  'type' => '1',
  'status' => '1',
)
[ info ] [ CACHE ] INIT File
[ info ] [ DB ] INIT mysql
[ info ] [ SESSION ] INIT array (
  'id' => '',
  'var_session_id' => '',
  'prefix' => 'think',
  'type' => '',
  'auto_start' => true,
)
[ info ] [ BEHAVIOR ] Run Closure @action_begin [ RunTime:0.001451s ]
[ info ] [ RUN ] app\admin\controller\Course->videoAdd[ D:\phpstudy_pro\WWW\qingkaoedu\application\admin\controller\Course.php ]
[ info ] [ LOG ] INIT File
---------------------------------------------------------------
[ 2020-04-16T20:12:53+08:00 ] 0.0.0.0 POST localhost/admin/course/videoadd.html
[运行时间：0.072059s] [吞吐率：13.88req/s] [内存消耗：7,200.59kb] [文件加载：78]
[ info ] [ BEHAVIOR ] Run Closure @app_init [ RunTime:0.000021s ]
[ info ] [ LANG ] D:\phpstudy_pro\WWW\qingkaoedu\thinkphp\lang\zh-cn.php
[ info ] [ ROUTE ] array (
  'type' => 'module',
  'module' => 
  array (
    0 => 'admin',
    1 => 'course',
    2 => 'videoadd',
  ),
)
[ info ] [ HEADER ] array (
  'cookie' => 'p_h5_upload_u=A3F72D3F-F058-4915-8B56-7E8B13E1EC2B; PHPSESSID=3m3kd49ojj7sqqge2dvpqgc3v4',
  'accept-language' => 'zh-CN,zh;q=0.9,zh-HK;q=0.8',
  'accept-encoding' => 'gzip, deflate, br',
  'referer' => 'http://localhost/admin/course/videoadd.html',
  'sec-fetch-dest' => 'empty',
  'sec-fetch-mode' => 'cors',
  'sec-fetch-site' => 'same-origin',
  'origin' => 'http://localhost',
  'content-type' => 'application/x-www-form-urlencoded; charset=UTF-8',
  'user-agent' => 'Mozilla/5.0 (Windows NT 10.0; Win64; x64) AppleWebKit/537.36 (KHTML, like Gecko) Chrome/81.0.4044.113 Safari/537.36',
  'x-requested-with' => 'XMLHttpRequest',
  'accept' => 'application/json, text/javascript, */*; q=0.01',
  'content-length' => '261',
  'connection' => 'close',
  'host' => 'localhost',
)
[ info ] [ PARAM ] array (
  'cid' => '1',
  'picture' => '/upload/image/20200416/48b352f4f2f7bdd38f25359fd799ce26.jpg',
  'title' => '大萨达',
  '__token__' => '5ea70e57f274977c2b4afd43c37756b9',
  'price' => '1',
  'xuni_num' => '300',
  'youxiaoqi' => '100',
  'brief' => '阿萨德撒女',
  'type' => '1',
  'status' => '1',
)
[ info ] [ CACHE ] INIT File
[ info ] [ DB ] INIT mysql
[ info ] [ SESSION ] INIT array (
  'id' => '',
  'var_session_id' => '',
  'prefix' => 'think',
  'type' => '',
  'auto_start' => true,
)
[ info ] [ BEHAVIOR ] Run Closure @action_begin [ RunTime:0.001442s ]
[ info ] [ RUN ] app\admin\controller\Course->videoAdd[ D:\phpstudy_pro\WWW\qingkaoedu\application\admin\controller\Course.php ]
[ info ] [ LOG ] INIT File
---------------------------------------------------------------
[ 2020-04-16T20:12:57+08:00 ] 0.0.0.0 POST localhost/admin/course/videoadd.html
[运行时间：0.074857s] [吞吐率：13.36req/s] [内存消耗：7,200.59kb] [文件加载：78]
[ info ] [ BEHAVIOR ] Run Closure @app_init [ RunTime:0.000018s ]
[ info ] [ LANG ] D:\phpstudy_pro\WWW\qingkaoedu\thinkphp\lang\zh-cn.php
[ info ] [ ROUTE ] array (
  'type' => 'module',
  'module' => 
  array (
    0 => 'admin',
    1 => 'course',
    2 => 'videoadd',
  ),
)
[ info ] [ HEADER ] array (
  'cookie' => 'p_h5_upload_u=A3F72D3F-F058-4915-8B56-7E8B13E1EC2B; PHPSESSID=3m3kd49ojj7sqqge2dvpqgc3v4',
  'accept-language' => 'zh-CN,zh;q=0.9,zh-HK;q=0.8',
  'accept-encoding' => 'gzip, deflate, br',
  'referer' => 'http://localhost/admin/course/videoadd.html',
  'sec-fetch-dest' => 'empty',
  'sec-fetch-mode' => 'cors',
  'sec-fetch-site' => 'same-origin',
  'origin' => 'http://localhost',
  'content-type' => 'application/x-www-form-urlencoded; charset=UTF-8',
  'user-agent' => 'Mozilla/5.0 (Windows NT 10.0; Win64; x64) AppleWebKit/537.36 (KHTML, like Gecko) Chrome/81.0.4044.113 Safari/537.36',
  'x-requested-with' => 'XMLHttpRequest',
  'accept' => 'application/json, text/javascript, */*; q=0.01',
  'content-length' => '261',
  'connection' => 'close',
  'host' => 'localhost',
)
[ info ] [ PARAM ] array (
  'cid' => '1',
  'picture' => '/upload/image/20200416/48b352f4f2f7bdd38f25359fd799ce26.jpg',
  'title' => '大萨达',
  '__token__' => '5ea70e57f274977c2b4afd43c37756b9',
  'price' => '1',
  'xuni_num' => '300',
  'youxiaoqi' => '100',
  'brief' => '阿萨德撒女',
  'type' => '1',
  'status' => '1',
)
[ info ] [ CACHE ] INIT File
[ info ] [ DB ] INIT mysql
[ info ] [ SESSION ] INIT array (
  'id' => '',
  'var_session_id' => '',
  'prefix' => 'think',
  'type' => '',
  'auto_start' => true,
)
[ info ] [ BEHAVIOR ] Run Closure @action_begin [ RunTime:0.002034s ]
[ info ] [ RUN ] app\admin\controller\Course->videoAdd[ D:\phpstudy_pro\WWW\qingkaoedu\application\admin\controller\Course.php ]
[ info ] [ LOG ] INIT File
---------------------------------------------------------------
[ 2020-04-16T20:13:00+08:00 ] 0.0.0.0 POST localhost/admin/course/videoadd.html
[运行时间：0.073842s] [吞吐率：13.54req/s] [内存消耗：7,200.59kb] [文件加载：78]
[ info ] [ BEHAVIOR ] Run Closure @app_init [ RunTime:0.000046s ]
[ info ] [ LANG ] D:\phpstudy_pro\WWW\qingkaoedu\thinkphp\lang\zh-cn.php
[ info ] [ ROUTE ] array (
  'type' => 'module',
  'module' => 
  array (
    0 => 'admin',
    1 => 'course',
    2 => 'videoadd',
  ),
)
[ info ] [ HEADER ] array (
  'cookie' => 'p_h5_upload_u=A3F72D3F-F058-4915-8B56-7E8B13E1EC2B; PHPSESSID=3m3kd49ojj7sqqge2dvpqgc3v4',
  'accept-language' => 'zh-CN,zh;q=0.9,zh-HK;q=0.8',
  'accept-encoding' => 'gzip, deflate, br',
  'referer' => 'http://localhost/admin/course/videoadd.html',
  'sec-fetch-dest' => 'empty',
  'sec-fetch-mode' => 'cors',
  'sec-fetch-site' => 'same-origin',
  'origin' => 'http://localhost',
  'content-type' => 'application/x-www-form-urlencoded; charset=UTF-8',
  'user-agent' => 'Mozilla/5.0 (Windows NT 10.0; Win64; x64) AppleWebKit/537.36 (KHTML, like Gecko) Chrome/81.0.4044.113 Safari/537.36',
  'x-requested-with' => 'XMLHttpRequest',
  'accept' => 'application/json, text/javascript, */*; q=0.01',
  'content-length' => '261',
  'connection' => 'close',
  'host' => 'localhost',
)
[ info ] [ PARAM ] array (
  'cid' => '1',
  'picture' => '/upload/image/20200416/48b352f4f2f7bdd38f25359fd799ce26.jpg',
  'title' => '大萨达',
  '__token__' => '5ea70e57f274977c2b4afd43c37756b9',
  'price' => '1',
  'xuni_num' => '300',
  'youxiaoqi' => '100',
  'brief' => '阿萨德撒女',
  'type' => '1',
  'status' => '1',
)
[ info ] [ CACHE ] INIT File
[ info ] [ DB ] INIT mysql
[ info ] [ SESSION ] INIT array (
  'id' => '',
  'var_session_id' => '',
  'prefix' => 'think',
  'type' => '',
  'auto_start' => true,
)
[ info ] [ BEHAVIOR ] Run Closure @action_begin [ RunTime:0.001504s ]
[ info ] [ RUN ] app\admin\controller\Course->videoAdd[ D:\phpstudy_pro\WWW\qingkaoedu\application\admin\controller\Course.php ]
[ info ] [ LOG ] INIT File
---------------------------------------------------------------
[ 2020-04-16T20:13:03+08:00 ] 0.0.0.0 POST localhost/admin/course/videoadd.html
[运行时间：0.074377s] [吞吐率：13.45req/s] [内存消耗：7,200.59kb] [文件加载：78]
[ info ] [ BEHAVIOR ] Run Closure @app_init [ RunTime:0.000026s ]
[ info ] [ LANG ] D:\phpstudy_pro\WWW\qingkaoedu\thinkphp\lang\zh-cn.php
[ info ] [ ROUTE ] array (
  'type' => 'module',
  'module' => 
  array (
    0 => 'admin',
    1 => 'course',
    2 => 'videoadd',
  ),
)
[ info ] [ HEADER ] array (
  'cookie' => 'p_h5_upload_u=A3F72D3F-F058-4915-8B56-7E8B13E1EC2B; PHPSESSID=3m3kd49ojj7sqqge2dvpqgc3v4',
  'accept-language' => 'zh-CN,zh;q=0.9,zh-HK;q=0.8',
  'accept-encoding' => 'gzip, deflate, br',
  'referer' => 'http://localhost/admin/course/videoadd.html',
  'sec-fetch-dest' => 'empty',
  'sec-fetch-mode' => 'cors',
  'sec-fetch-site' => 'same-origin',
  'origin' => 'http://localhost',
  'content-type' => 'application/x-www-form-urlencoded; charset=UTF-8',
  'user-agent' => 'Mozilla/5.0 (Windows NT 10.0; Win64; x64) AppleWebKit/537.36 (KHTML, like Gecko) Chrome/81.0.4044.113 Safari/537.36',
  'x-requested-with' => 'XMLHttpRequest',
  'accept' => 'application/json, text/javascript, */*; q=0.01',
  'content-length' => '261',
  'connection' => 'close',
  'host' => 'localhost',
)
[ info ] [ PARAM ] array (
  'cid' => '1',
  'picture' => '/upload/image/20200416/48b352f4f2f7bdd38f25359fd799ce26.jpg',
  'title' => '大萨达',
  '__token__' => '5ea70e57f274977c2b4afd43c37756b9',
  'price' => '1',
  'xuni_num' => '300',
  'youxiaoqi' => '100',
  'brief' => '阿萨德撒女',
  'type' => '1',
  'status' => '1',
)
[ info ] [ CACHE ] INIT File
[ info ] [ DB ] INIT mysql
[ info ] [ SESSION ] INIT array (
  'id' => '',
  'var_session_id' => '',
  'prefix' => 'think',
  'type' => '',
  'auto_start' => true,
)
[ info ] [ BEHAVIOR ] Run Closure @action_begin [ RunTime:0.001401s ]
[ info ] [ RUN ] app\admin\controller\Course->videoAdd[ D:\phpstudy_pro\WWW\qingkaoedu\application\admin\controller\Course.php ]
[ info ] [ LOG ] INIT File
---------------------------------------------------------------
[ 2020-04-16T20:13:07+08:00 ] 0.0.0.0 POST localhost/admin/course/videoadd.html
[运行时间：0.071727s] [吞吐率：13.94req/s] [内存消耗：7,200.59kb] [文件加载：78]
[ info ] [ BEHAVIOR ] Run Closure @app_init [ RunTime:0.000025s ]
[ info ] [ LANG ] D:\phpstudy_pro\WWW\qingkaoedu\thinkphp\lang\zh-cn.php
[ info ] [ ROUTE ] array (
  'type' => 'module',
  'module' => 
  array (
    0 => 'admin',
    1 => 'course',
    2 => 'videoadd',
  ),
)
[ info ] [ HEADER ] array (
  'cookie' => 'p_h5_upload_u=A3F72D3F-F058-4915-8B56-7E8B13E1EC2B; PHPSESSID=3m3kd49ojj7sqqge2dvpqgc3v4',
  'accept-language' => 'zh-CN,zh;q=0.9,zh-HK;q=0.8',
  'accept-encoding' => 'gzip, deflate, br',
  'referer' => 'http://localhost/admin/course/videoadd.html',
  'sec-fetch-dest' => 'empty',
  'sec-fetch-mode' => 'cors',
  'sec-fetch-site' => 'same-origin',
  'origin' => 'http://localhost',
  'content-type' => 'application/x-www-form-urlencoded; charset=UTF-8',
  'user-agent' => 'Mozilla/5.0 (Windows NT 10.0; Win64; x64) AppleWebKit/537.36 (KHTML, like Gecko) Chrome/81.0.4044.113 Safari/537.36',
  'x-requested-with' => 'XMLHttpRequest',
  'accept' => 'application/json, text/javascript, */*; q=0.01',
  'content-length' => '261',
  'connection' => 'close',
  'host' => 'localhost',
)
[ info ] [ PARAM ] array (
  'cid' => '1',
  'picture' => '/upload/image/20200416/48b352f4f2f7bdd38f25359fd799ce26.jpg',
  'title' => '大萨达',
  '__token__' => '5ea70e57f274977c2b4afd43c37756b9',
  'price' => '1',
  'xuni_num' => '300',
  'youxiaoqi' => '100',
  'brief' => '阿萨德撒女',
  'type' => '1',
  'status' => '1',
)
[ info ] [ CACHE ] INIT File
[ info ] [ DB ] INIT mysql
[ info ] [ SESSION ] INIT array (
  'id' => '',
  'var_session_id' => '',
  'prefix' => 'think',
  'type' => '',
  'auto_start' => true,
)
[ info ] [ BEHAVIOR ] Run Closure @action_begin [ RunTime:0.001536s ]
[ info ] [ RUN ] app\admin\controller\Course->videoAdd[ D:\phpstudy_pro\WWW\qingkaoedu\application\admin\controller\Course.php ]
[ info ] [ LOG ] INIT File
---------------------------------------------------------------
[ 2020-04-16T20:13:11+08:00 ] 0.0.0.0 POST localhost/admin/course/videoadd.html
[运行时间：0.069266s] [吞吐率：14.44req/s] [内存消耗：7,200.59kb] [文件加载：78]
[ info ] [ BEHAVIOR ] Run Closure @app_init [ RunTime:0.000016s ]
[ info ] [ LANG ] D:\phpstudy_pro\WWW\qingkaoedu\thinkphp\lang\zh-cn.php
[ info ] [ ROUTE ] array (
  'type' => 'module',
  'module' => 
  array (
    0 => 'admin',
    1 => 'course',
    2 => 'videoadd',
  ),
)
[ info ] [ HEADER ] array (
  'cookie' => 'p_h5_upload_u=A3F72D3F-F058-4915-8B56-7E8B13E1EC2B; PHPSESSID=3m3kd49ojj7sqqge2dvpqgc3v4',
  'accept-language' => 'zh-CN,zh;q=0.9,zh-HK;q=0.8',
  'accept-encoding' => 'gzip, deflate, br',
  'referer' => 'http://localhost/admin/course/videoadd.html',
  'sec-fetch-dest' => 'empty',
  'sec-fetch-mode' => 'cors',
  'sec-fetch-site' => 'same-origin',
  'origin' => 'http://localhost',
  'content-type' => 'application/x-www-form-urlencoded; charset=UTF-8',
  'user-agent' => 'Mozilla/5.0 (Windows NT 10.0; Win64; x64) AppleWebKit/537.36 (KHTML, like Gecko) Chrome/81.0.4044.113 Safari/537.36',
  'x-requested-with' => 'XMLHttpRequest',
  'accept' => 'application/json, text/javascript, */*; q=0.01',
  'content-length' => '261',
  'connection' => 'close',
  'host' => 'localhost',
)
[ info ] [ PARAM ] array (
  'cid' => '1',
  'picture' => '/upload/image/20200416/48b352f4f2f7bdd38f25359fd799ce26.jpg',
  'title' => '大萨达',
  '__token__' => '5ea70e57f274977c2b4afd43c37756b9',
  'price' => '1',
  'xuni_num' => '300',
  'youxiaoqi' => '100',
  'brief' => '阿萨德撒女',
  'type' => '1',
  'status' => '1',
)
[ info ] [ CACHE ] INIT File
[ info ] [ DB ] INIT mysql
[ info ] [ SESSION ] INIT array (
  'id' => '',
  'var_session_id' => '',
  'prefix' => 'think',
  'type' => '',
  'auto_start' => true,
)
[ info ] [ BEHAVIOR ] Run Closure @action_begin [ RunTime:0.001457s ]
[ info ] [ RUN ] app\admin\controller\Course->videoAdd[ D:\phpstudy_pro\WWW\qingkaoedu\application\admin\controller\Course.php ]
[ info ] [ LOG ] INIT File
---------------------------------------------------------------
[ 2020-04-16T20:13:14+08:00 ] 0.0.0.0 POST localhost/admin/course/videoadd.html
[运行时间：0.080304s] [吞吐率：12.45req/s] [内存消耗：7,200.59kb] [文件加载：78]
[ info ] [ BEHAVIOR ] Run Closure @app_init [ RunTime:0.000021s ]
[ info ] [ LANG ] D:\phpstudy_pro\WWW\qingkaoedu\thinkphp\lang\zh-cn.php
[ info ] [ ROUTE ] array (
  'type' => 'module',
  'module' => 
  array (
    0 => 'admin',
    1 => 'course',
    2 => 'videoadd',
  ),
)
[ info ] [ HEADER ] array (
  'cookie' => 'p_h5_upload_u=A3F72D3F-F058-4915-8B56-7E8B13E1EC2B; PHPSESSID=3m3kd49ojj7sqqge2dvpqgc3v4',
  'accept-language' => 'zh-CN,zh;q=0.9,zh-HK;q=0.8',
  'accept-encoding' => 'gzip, deflate, br',
  'referer' => 'http://localhost/admin/course/videoadd.html',
  'sec-fetch-dest' => 'empty',
  'sec-fetch-mode' => 'cors',
  'sec-fetch-site' => 'same-origin',
  'origin' => 'http://localhost',
  'content-type' => 'application/x-www-form-urlencoded; charset=UTF-8',
  'user-agent' => 'Mozilla/5.0 (Windows NT 10.0; Win64; x64) AppleWebKit/537.36 (KHTML, like Gecko) Chrome/81.0.4044.113 Safari/537.36',
  'x-requested-with' => 'XMLHttpRequest',
  'accept' => 'application/json, text/javascript, */*; q=0.01',
  'content-length' => '261',
  'connection' => 'close',
  'host' => 'localhost',
)
[ info ] [ PARAM ] array (
  'cid' => '1',
  'picture' => '/upload/image/20200416/48b352f4f2f7bdd38f25359fd799ce26.jpg',
  'title' => '大萨达',
  '__token__' => '5ea70e57f274977c2b4afd43c37756b9',
  'price' => '1',
  'xuni_num' => '300',
  'youxiaoqi' => '100',
  'brief' => '阿萨德撒女',
  'type' => '1',
  'status' => '1',
)
[ info ] [ CACHE ] INIT File
[ info ] [ DB ] INIT mysql
[ info ] [ SESSION ] INIT array (
  'id' => '',
  'var_session_id' => '',
  'prefix' => 'think',
  'type' => '',
  'auto_start' => true,
)
[ info ] [ BEHAVIOR ] Run Closure @action_begin [ RunTime:0.001529s ]
[ info ] [ RUN ] app\admin\controller\Course->videoAdd[ D:\phpstudy_pro\WWW\qingkaoedu\application\admin\controller\Course.php ]
[ info ] [ LOG ] INIT File
---------------------------------------------------------------
[ 2020-04-16T20:13:18+08:00 ] 0.0.0.0 POST localhost/admin/course/videoadd.html
[运行时间：0.067965s] [吞吐率：14.71req/s] [内存消耗：7,200.59kb] [文件加载：78]
[ info ] [ BEHAVIOR ] Run Closure @app_init [ RunTime:0.000017s ]
[ info ] [ LANG ] D:\phpstudy_pro\WWW\qingkaoedu\thinkphp\lang\zh-cn.php
[ info ] [ ROUTE ] array (
  'type' => 'module',
  'module' => 
  array (
    0 => 'admin',
    1 => 'course',
    2 => 'videoadd',
  ),
)
[ info ] [ HEADER ] array (
  'cookie' => 'p_h5_upload_u=A3F72D3F-F058-4915-8B56-7E8B13E1EC2B; PHPSESSID=3m3kd49ojj7sqqge2dvpqgc3v4',
  'accept-language' => 'zh-CN,zh;q=0.9,zh-HK;q=0.8',
  'accept-encoding' => 'gzip, deflate, br',
  'referer' => 'http://localhost/admin/course/videoadd.html',
  'sec-fetch-dest' => 'empty',
  'sec-fetch-mode' => 'cors',
  'sec-fetch-site' => 'same-origin',
  'origin' => 'http://localhost',
  'content-type' => 'application/x-www-form-urlencoded; charset=UTF-8',
  'user-agent' => 'Mozilla/5.0 (Windows NT 10.0; Win64; x64) AppleWebKit/537.36 (KHTML, like Gecko) Chrome/81.0.4044.113 Safari/537.36',
  'x-requested-with' => 'XMLHttpRequest',
  'accept' => 'application/json, text/javascript, */*; q=0.01',
  'content-length' => '261',
  'connection' => 'close',
  'host' => 'localhost',
)
[ info ] [ PARAM ] array (
  'cid' => '1',
  'picture' => '/upload/image/20200416/48b352f4f2f7bdd38f25359fd799ce26.jpg',
  'title' => '大萨达',
  '__token__' => '5ea70e57f274977c2b4afd43c37756b9',
  'price' => '1',
  'xuni_num' => '300',
  'youxiaoqi' => '100',
  'brief' => '阿萨德撒女',
  'type' => '1',
  'status' => '1',
)
[ info ] [ CACHE ] INIT File
[ info ] [ DB ] INIT mysql
[ info ] [ SESSION ] INIT array (
  'id' => '',
  'var_session_id' => '',
  'prefix' => 'think',
  'type' => '',
  'auto_start' => true,
)
[ info ] [ BEHAVIOR ] Run Closure @action_begin [ RunTime:0.001567s ]
[ info ] [ RUN ] app\admin\controller\Course->videoAdd[ D:\phpstudy_pro\WWW\qingkaoedu\application\admin\controller\Course.php ]
[ info ] [ LOG ] INIT File
---------------------------------------------------------------
[ 2020-04-16T20:14:55+08:00 ] 0.0.0.0 GET localhost/admin/index/index.html
[运行时间：0.121340s] [吞吐率：8.24req/s] [内存消耗：7,381.50kb] [文件加载：82]
[ info ] [ BEHAVIOR ] Run Closure @app_init [ RunTime:0.000025s ]
[ info ] [ LANG ] D:\phpstudy_pro\WWW\qingkaoedu\thinkphp\lang\zh-cn.php
[ info ] [ ROUTE ] array (
  'type' => 'module',
  'module' => 
  array (
    0 => 'admin',
    1 => 'index',
    2 => 'index',
  ),
)
[ info ] [ HEADER ] array (
  'cookie' => 'PHPSESSID=3m3kd49ojj7sqqge2dvpqgc3v4',
  'accept-language' => 'zh-CN,zh;q=0.9,zh-HK;q=0.8',
  'accept-encoding' => 'gzip, deflate, br',
  'referer' => 'http://localhost/admin/course/videoadd.html',
  'sec-fetch-dest' => 'document',
  'sec-fetch-user' => '?1',
  'sec-fetch-mode' => 'navigate',
  'sec-fetch-site' => 'same-origin',
  'accept' => 'text/html,application/xhtml+xml,application/xml;q=0.9,image/webp,image/apng,*/*;q=0.8,application/signed-exchange;v=b3;q=0.9',
  'user-agent' => 'Mozilla/5.0 (Windows NT 10.0; Win64; x64) AppleWebKit/537.36 (KHTML, like Gecko) Chrome/81.0.4044.113 Safari/537.36',
  'upgrade-insecure-requests' => '1',
  'connection' => 'close',
  'host' => 'localhost',
)
[ info ] [ PARAM ] array (
)
[ info ] [ CACHE ] INIT File
[ info ] [ DB ] INIT mysql
[ info ] [ SESSION ] INIT array (
  'id' => '',
  'var_session_id' => '',
  'prefix' => 'think',
  'type' => '',
  'auto_start' => true,
)
[ info ] [ BEHAVIOR ] Run Closure @action_begin [ RunTime:0.001852s ]
[ info ] [ RUN ] app\admin\controller\Index->index[ D:\phpstudy_pro\WWW\qingkaoedu\application\admin\controller\Index.php ]
[ info ] [ VIEW ] D:\phpstudy_pro\WWW\qingkaoedu\public/../application/admin\view\index\index.html [ array (
  0 => 'userInfo',
  1 => 'navbar',
  2 => 'breadcrumb',
  3 => 'empty',
  4 => 'addtime',
  5 => 'index',
  6 => 'server',
  7 => 'teacherInfo',
  8 => 'url',
  9 => 'authoInfo',
  10 => 'version',
  11 => 'lastVersion',
  12 => 'tixianList',
  13 => 'profit',
) ]
[ info ] [ LOG ] INIT File
---------------------------------------------------------------
[ 2020-04-16T20:16:08+08:00 ] 0.0.0.0 GET localhost/admin/index/index.html
[运行时间：0.196055s] [吞吐率：5.10req/s] [内存消耗：7,629.00kb] [文件加载：84]
[ info ] [ BEHAVIOR ] Run Closure @app_init [ RunTime:0.000020s ]
[ info ] [ LANG ] D:\phpstudy_pro\WWW\qingkaoedu\thinkphp\lang\zh-cn.php
[ info ] [ ROUTE ] array (
  'type' => 'module',
  'module' => 
  array (
    0 => 'admin',
    1 => 'index',
    2 => 'index',
  ),
)
[ info ] [ HEADER ] array (
  'cookie' => 'PHPSESSID=3m3kd49ojj7sqqge2dvpqgc3v4',
  'accept-language' => 'zh-CN,zh;q=0.9,zh-HK;q=0.8',
  'accept-encoding' => 'gzip, deflate, br',
  'referer' => 'http://localhost/admin/course/videoadd.html',
  'sec-fetch-dest' => 'document',
  'sec-fetch-user' => '?1',
  'sec-fetch-mode' => 'navigate',
  'sec-fetch-site' => 'same-origin',
  'accept' => 'text/html,application/xhtml+xml,application/xml;q=0.9,image/webp,image/apng,*/*;q=0.8,application/signed-exchange;v=b3;q=0.9',
  'user-agent' => 'Mozilla/5.0 (Windows NT 10.0; Win64; x64) AppleWebKit/537.36 (KHTML, like Gecko) Chrome/81.0.4044.113 Safari/537.36',
  'upgrade-insecure-requests' => '1',
  'cache-control' => 'max-age=0',
  'connection' => 'close',
  'host' => 'localhost',
)
[ info ] [ PARAM ] array (
)
[ info ] [ CACHE ] INIT File
[ info ] [ DB ] INIT mysql
[ info ] [ SESSION ] INIT array (
  'id' => '',
  'var_session_id' => '',
  'prefix' => 'think',
  'type' => '',
  'auto_start' => true,
)
[ info ] [ BEHAVIOR ] Run Closure @action_begin [ RunTime:0.001505s ]
[ info ] [ RUN ] app\admin\controller\Index->index[ D:\phpstudy_pro\WWW\qingkaoedu\application\admin\controller\Index.php ]
[ info ] [ VIEW ] D:\phpstudy_pro\WWW\qingkaoedu\public/../application/admin\view\index\index.html [ array (
  0 => 'userInfo',
  1 => 'navbar',
  2 => 'breadcrumb',
  3 => 'empty',
  4 => 'addtime',
  5 => 'index',
  6 => 'server',
  7 => 'teacherInfo',
  8 => 'url',
  9 => 'authoInfo',
  10 => 'version',
  11 => 'lastVersion',
  12 => 'tixianList',
  13 => 'profit',
) ]
[ info ] [ LOG ] INIT File
---------------------------------------------------------------
[ 2020-04-16T20:16:10+08:00 ] 0.0.0.0 GET localhost/admin/index/index.html
[运行时间：0.089162s] [吞吐率：11.22req/s] [内存消耗：7,381.68kb] [文件加载：82]
[ info ] [ BEHAVIOR ] Run Closure @app_init [ RunTime:0.000019s ]
[ info ] [ LANG ] D:\phpstudy_pro\WWW\qingkaoedu\thinkphp\lang\zh-cn.php
[ info ] [ ROUTE ] array (
  'type' => 'module',
  'module' => 
  array (
    0 => 'admin',
    1 => 'index',
    2 => 'index',
  ),
)
[ info ] [ HEADER ] array (
  'cookie' => 'PHPSESSID=3m3kd49ojj7sqqge2dvpqgc3v4',
  'accept-language' => 'zh-CN,zh;q=0.9,zh-HK;q=0.8',
  'accept-encoding' => 'gzip, deflate, br',
  'referer' => 'http://localhost/admin/course/videoadd.html',
  'sec-fetch-dest' => 'document',
  'sec-fetch-user' => '?1',
  'sec-fetch-mode' => 'navigate',
  'sec-fetch-site' => 'same-origin',
  'accept' => 'text/html,application/xhtml+xml,application/xml;q=0.9,image/webp,image/apng,*/*;q=0.8,application/signed-exchange;v=b3;q=0.9',
  'user-agent' => 'Mozilla/5.0 (Windows NT 10.0; Win64; x64) AppleWebKit/537.36 (KHTML, like Gecko) Chrome/81.0.4044.113 Safari/537.36',
  'upgrade-insecure-requests' => '1',
  'cache-control' => 'max-age=0',
  'connection' => 'close',
  'host' => 'localhost',
)
[ info ] [ PARAM ] array (
)
[ info ] [ CACHE ] INIT File
[ info ] [ DB ] INIT mysql
[ info ] [ SESSION ] INIT array (
  'id' => '',
  'var_session_id' => '',
  'prefix' => 'think',
  'type' => '',
  'auto_start' => true,
)
[ info ] [ BEHAVIOR ] Run Closure @action_begin [ RunTime:0.001991s ]
[ info ] [ RUN ] app\admin\controller\Index->index[ D:\phpstudy_pro\WWW\qingkaoedu\application\admin\controller\Index.php ]
[ info ] [ VIEW ] D:\phpstudy_pro\WWW\qingkaoedu\public/../application/admin\view\index\index.html [ array (
  0 => 'userInfo',
  1 => 'navbar',
  2 => 'breadcrumb',
  3 => 'empty',
  4 => 'addtime',
  5 => 'index',
  6 => 'server',
  7 => 'teacherInfo',
  8 => 'url',
  9 => 'authoInfo',
  10 => 'version',
  11 => 'lastVersion',
  12 => 'tixianList',
  13 => 'profit',
) ]
[ info ] [ LOG ] INIT File
---------------------------------------------------------------
[ 2020-04-16T20:22:03+08:00 ] 0.0.0.0 GET localhost/admin/index/index.html
[运行时间：0.219131s] [吞吐率：4.56req/s] [内存消耗：7,628.41kb] [文件加载：84]
[ info ] [ BEHAVIOR ] Run Closure @app_init [ RunTime:0.000025s ]
[ info ] [ LANG ] D:\phpstudy_pro\WWW\qingkaoedu\thinkphp\lang\zh-cn.php
[ info ] [ ROUTE ] array (
  'type' => 'module',
  'module' => 
  array (
    0 => 'admin',
    1 => 'index',
    2 => 'index',
  ),
)
[ info ] [ HEADER ] array (
  'cookie' => 'PHPSESSID=3m3kd49ojj7sqqge2dvpqgc3v4',
  'accept-language' => 'zh-CN,zh;q=0.9,zh-HK;q=0.8',
  'accept-encoding' => 'gzip, deflate, br',
  'referer' => 'http://localhost/admin/course/videoadd.html',
  'sec-fetch-dest' => 'document',
  'sec-fetch-user' => '?1',
  'sec-fetch-mode' => 'navigate',
  'sec-fetch-site' => 'same-origin',
  'accept' => 'text/html,application/xhtml+xml,application/xml;q=0.9,image/webp,image/apng,*/*;q=0.8,application/signed-exchange;v=b3;q=0.9',
  'user-agent' => 'Mozilla/5.0 (Windows NT 10.0; Win64; x64) AppleWebKit/537.36 (KHTML, like Gecko) Chrome/81.0.4044.113 Safari/537.36',
  'upgrade-insecure-requests' => '1',
  'cache-control' => 'max-age=0',
  'connection' => 'close',
  'host' => 'localhost',
)
[ info ] [ PARAM ] array (
)
[ info ] [ CACHE ] INIT File
[ info ] [ DB ] INIT mysql
[ info ] [ SESSION ] INIT array (
  'id' => '',
  'var_session_id' => '',
  'prefix' => 'think',
  'type' => '',
  'auto_start' => true,
)
[ info ] [ BEHAVIOR ] Run Closure @action_begin [ RunTime:0.001774s ]
[ info ] [ RUN ] app\admin\controller\Index->index[ D:\phpstudy_pro\WWW\qingkaoedu\application\admin\controller\Index.php ]
[ info ] [ VIEW ] D:\phpstudy_pro\WWW\qingkaoedu\public/../application/admin\view\index\index.html [ array (
  0 => 'userInfo',
  1 => 'navbar',
  2 => 'breadcrumb',
  3 => 'empty',
  4 => 'addtime',
  5 => 'index',
  6 => 'server',
  7 => 'teacherInfo',
  8 => 'url',
  9 => 'version',
  10 => 'lastVersion',
  11 => 'tixianList',
  12 => 'profit',
) ]
[ info ] [ LOG ] INIT File
---------------------------------------------------------------
[ 2020-04-16T20:22:05+08:00 ] 0.0.0.0 GET localhost/admin/index/index.html
[运行时间：0.095887s] [吞吐率：10.43req/s] [内存消耗：7,381.09kb] [文件加载：82]
[ info ] [ BEHAVIOR ] Run Closure @app_init [ RunTime:0.000016s ]
[ info ] [ LANG ] D:\phpstudy_pro\WWW\qingkaoedu\thinkphp\lang\zh-cn.php
[ info ] [ ROUTE ] array (
  'type' => 'module',
  'module' => 
  array (
    0 => 'admin',
    1 => 'index',
    2 => 'index',
  ),
)
[ info ] [ HEADER ] array (
  'cookie' => 'PHPSESSID=3m3kd49ojj7sqqge2dvpqgc3v4',
  'accept-language' => 'zh-CN,zh;q=0.9,zh-HK;q=0.8',
  'accept-encoding' => 'gzip, deflate, br',
  'referer' => 'http://localhost/admin/course/videoadd.html',
  'sec-fetch-dest' => 'document',
  'sec-fetch-user' => '?1',
  'sec-fetch-mode' => 'navigate',
  'sec-fetch-site' => 'same-origin',
  'accept' => 'text/html,application/xhtml+xml,application/xml;q=0.9,image/webp,image/apng,*/*;q=0.8,application/signed-exchange;v=b3;q=0.9',
  'user-agent' => 'Mozilla/5.0 (Windows NT 10.0; Win64; x64) AppleWebKit/537.36 (KHTML, like Gecko) Chrome/81.0.4044.113 Safari/537.36',
  'upgrade-insecure-requests' => '1',
  'cache-control' => 'max-age=0',
  'connection' => 'close',
  'host' => 'localhost',
)
[ info ] [ PARAM ] array (
)
[ info ] [ CACHE ] INIT File
[ info ] [ DB ] INIT mysql
[ info ] [ SESSION ] INIT array (
  'id' => '',
  'var_session_id' => '',
  'prefix' => 'think',
  'type' => '',
  'auto_start' => true,
)
[ info ] [ BEHAVIOR ] Run Closure @action_begin [ RunTime:0.001554s ]
[ info ] [ RUN ] app\admin\controller\Index->index[ D:\phpstudy_pro\WWW\qingkaoedu\application\admin\controller\Index.php ]
[ info ] [ VIEW ] D:\phpstudy_pro\WWW\qingkaoedu\public/../application/admin\view\index\index.html [ array (
  0 => 'userInfo',
  1 => 'navbar',
  2 => 'breadcrumb',
  3 => 'empty',
  4 => 'addtime',
  5 => 'index',
  6 => 'server',
  7 => 'teacherInfo',
  8 => 'url',
  9 => 'version',
  10 => 'lastVersion',
  11 => 'tixianList',
  12 => 'profit',
) ]
[ info ] [ LOG ] INIT File
---------------------------------------------------------------
[ 2020-04-16T20:22:40+08:00 ] 0.0.0.0 GET localhost/admin/index/index.html
[运行时间：0.097086s] [吞吐率：10.30req/s] [内存消耗：7,381.83kb] [文件加载：82]
[ info ] [ BEHAVIOR ] Run Closure @app_init [ RunTime:0.000024s ]
[ info ] [ LANG ] D:\phpstudy_pro\WWW\qingkaoedu\thinkphp\lang\zh-cn.php
[ info ] [ ROUTE ] array (
  'type' => 'module',
  'module' => 
  array (
    0 => 'admin',
    1 => 'index',
    2 => 'index',
  ),
)
[ info ] [ HEADER ] array (
  'cookie' => 'PHPSESSID=3m3kd49ojj7sqqge2dvpqgc3v4',
  'accept-language' => 'zh-CN,zh;q=0.9,zh-HK;q=0.8',
  'accept-encoding' => 'gzip, deflate, br',
  'referer' => 'http://localhost/admin/course/videoadd.html',
  'sec-fetch-dest' => 'document',
  'sec-fetch-user' => '?1',
  'sec-fetch-mode' => 'navigate',
  'sec-fetch-site' => 'same-origin',
  'accept' => 'text/html,application/xhtml+xml,application/xml;q=0.9,image/webp,image/apng,*/*;q=0.8,application/signed-exchange;v=b3;q=0.9',
  'user-agent' => 'Mozilla/5.0 (Windows NT 10.0; Win64; x64) AppleWebKit/537.36 (KHTML, like Gecko) Chrome/81.0.4044.113 Safari/537.36',
  'upgrade-insecure-requests' => '1',
  'cache-control' => 'max-age=0',
  'connection' => 'close',
  'host' => 'localhost',
)
[ info ] [ PARAM ] array (
)
[ info ] [ CACHE ] INIT File
[ info ] [ DB ] INIT mysql
[ info ] [ SESSION ] INIT array (
  'id' => '',
  'var_session_id' => '',
  'prefix' => 'think',
  'type' => '',
  'auto_start' => true,
)
[ info ] [ BEHAVIOR ] Run Closure @action_begin [ RunTime:0.001475s ]
[ info ] [ RUN ] app\admin\controller\Index->index[ D:\phpstudy_pro\WWW\qingkaoedu\application\admin\controller\Index.php ]
[ info ] [ VIEW ] D:\phpstudy_pro\WWW\qingkaoedu\public/../application/admin\view\index\index.html [ array (
  0 => 'userInfo',
  1 => 'navbar',
  2 => 'breadcrumb',
  3 => 'empty',
  4 => 'addtime',
  5 => 'index',
  6 => 'server',
  7 => 'teacherInfo',
  8 => 'url',
  9 => 'authoInfo',
  10 => 'version',
  11 => 'lastVersion',
  12 => 'tixianList',
  13 => 'profit',
) ]
[ info ] [ LOG ] INIT File
---------------------------------------------------------------
[ 2020-04-16T20:25:16+08:00 ] 0.0.0.0 GET localhost/admin/index/index.html
[运行时间：0.120238s] [吞吐率：8.32req/s] [内存消耗：7,381.83kb] [文件加载：82]
[ info ] [ BEHAVIOR ] Run Closure @app_init [ RunTime:0.000025s ]
[ info ] [ LANG ] D:\phpstudy_pro\WWW\qingkaoedu\thinkphp\lang\zh-cn.php
[ info ] [ ROUTE ] array (
  'type' => 'module',
  'module' => 
  array (
    0 => 'admin',
    1 => 'index',
    2 => 'index',
  ),
)
[ info ] [ HEADER ] array (
  'cookie' => 'PHPSESSID=3m3kd49ojj7sqqge2dvpqgc3v4',
  'accept-language' => 'zh-CN,zh;q=0.9,zh-HK;q=0.8',
  'accept-encoding' => 'gzip, deflate, br',
  'referer' => 'http://localhost/admin/course/videoadd.html',
  'sec-fetch-dest' => 'document',
  'sec-fetch-user' => '?1',
  'sec-fetch-mode' => 'navigate',
  'sec-fetch-site' => 'same-origin',
  'accept' => 'text/html,application/xhtml+xml,application/xml;q=0.9,image/webp,image/apng,*/*;q=0.8,application/signed-exchange;v=b3;q=0.9',
  'user-agent' => 'Mozilla/5.0 (Windows NT 10.0; Win64; x64) AppleWebKit/537.36 (KHTML, like Gecko) Chrome/81.0.4044.113 Safari/537.36',
  'upgrade-insecure-requests' => '1',
  'cache-control' => 'max-age=0',
  'connection' => 'close',
  'host' => 'localhost',
)
[ info ] [ PARAM ] array (
)
[ info ] [ CACHE ] INIT File
[ info ] [ DB ] INIT mysql
[ info ] [ SESSION ] INIT array (
  'id' => '',
  'var_session_id' => '',
  'prefix' => 'think',
  'type' => '',
  'auto_start' => true,
)
[ info ] [ BEHAVIOR ] Run Closure @action_begin [ RunTime:0.001769s ]
[ info ] [ RUN ] app\admin\controller\Index->index[ D:\phpstudy_pro\WWW\qingkaoedu\application\admin\controller\Index.php ]
[ info ] [ VIEW ] D:\phpstudy_pro\WWW\qingkaoedu\public/../application/admin\view\index\index.html [ array (
  0 => 'userInfo',
  1 => 'navbar',
  2 => 'breadcrumb',
  3 => 'empty',
  4 => 'addtime',
  5 => 'index',
  6 => 'server',
  7 => 'teacherInfo',
  8 => 'url',
  9 => 'authoInfo',
  10 => 'version',
  11 => 'lastVersion',
  12 => 'tixianList',
  13 => 'profit',
) ]
[ info ] [ LOG ] INIT File
---------------------------------------------------------------
[ 2020-04-16T20:25:18+08:00 ] 0.0.0.0 GET localhost/admin/index/index.html
[运行时间：0.091259s] [吞吐率：10.96req/s] [内存消耗：7,381.83kb] [文件加载：82]
[ info ] [ BEHAVIOR ] Run Closure @app_init [ RunTime:0.000017s ]
[ info ] [ LANG ] D:\phpstudy_pro\WWW\qingkaoedu\thinkphp\lang\zh-cn.php
[ info ] [ ROUTE ] array (
  'type' => 'module',
  'module' => 
  array (
    0 => 'admin',
    1 => 'index',
    2 => 'index',
  ),
)
[ info ] [ HEADER ] array (
  'cookie' => 'PHPSESSID=3m3kd49ojj7sqqge2dvpqgc3v4',
  'accept-language' => 'zh-CN,zh;q=0.9,zh-HK;q=0.8',
  'accept-encoding' => 'gzip, deflate, br',
  'referer' => 'http://localhost/admin/course/videoadd.html',
  'sec-fetch-dest' => 'document',
  'sec-fetch-user' => '?1',
  'sec-fetch-mode' => 'navigate',
  'sec-fetch-site' => 'same-origin',
  'accept' => 'text/html,application/xhtml+xml,application/xml;q=0.9,image/webp,image/apng,*/*;q=0.8,application/signed-exchange;v=b3;q=0.9',
  'user-agent' => 'Mozilla/5.0 (Windows NT 10.0; Win64; x64) AppleWebKit/537.36 (KHTML, like Gecko) Chrome/81.0.4044.113 Safari/537.36',
  'upgrade-insecure-requests' => '1',
  'cache-control' => 'max-age=0',
  'connection' => 'close',
  'host' => 'localhost',
)
[ info ] [ PARAM ] array (
)
[ info ] [ CACHE ] INIT File
[ info ] [ DB ] INIT mysql
[ info ] [ SESSION ] INIT array (
  'id' => '',
  'var_session_id' => '',
  'prefix' => 'think',
  'type' => '',
  'auto_start' => true,
)
[ info ] [ BEHAVIOR ] Run Closure @action_begin [ RunTime:0.001616s ]
[ info ] [ RUN ] app\admin\controller\Index->index[ D:\phpstudy_pro\WWW\qingkaoedu\application\admin\controller\Index.php ]
[ info ] [ VIEW ] D:\phpstudy_pro\WWW\qingkaoedu\public/../application/admin\view\index\index.html [ array (
  0 => 'userInfo',
  1 => 'navbar',
  2 => 'breadcrumb',
  3 => 'empty',
  4 => 'addtime',
  5 => 'index',
  6 => 'server',
  7 => 'teacherInfo',
  8 => 'url',
  9 => 'authoInfo',
  10 => 'version',
  11 => 'lastVersion',
  12 => 'tixianList',
  13 => 'profit',
) ]
[ info ] [ LOG ] INIT File
---------------------------------------------------------------
[ 2020-04-16T20:26:24+08:00 ] 0.0.0.0 GET localhost/admin/index/index.html
[运行时间：0.094659s] [吞吐率：10.56req/s] [内存消耗：7,381.83kb] [文件加载：82]
[ info ] [ BEHAVIOR ] Run Closure @app_init [ RunTime:0.000016s ]
[ info ] [ LANG ] D:\phpstudy_pro\WWW\qingkaoedu\thinkphp\lang\zh-cn.php
[ info ] [ ROUTE ] array (
  'type' => 'module',
  'module' => 
  array (
    0 => 'admin',
    1 => 'index',
    2 => 'index',
  ),
)
[ info ] [ HEADER ] array (
  'cookie' => 'PHPSESSID=3m3kd49ojj7sqqge2dvpqgc3v4',
  'accept-language' => 'zh-CN,zh;q=0.9,zh-HK;q=0.8',
  'accept-encoding' => 'gzip, deflate, br',
  'referer' => 'http://localhost/admin/course/videoadd.html',
  'sec-fetch-dest' => 'document',
  'sec-fetch-user' => '?1',
  'sec-fetch-mode' => 'navigate',
  'sec-fetch-site' => 'same-origin',
  'accept' => 'text/html,application/xhtml+xml,application/xml;q=0.9,image/webp,image/apng,*/*;q=0.8,application/signed-exchange;v=b3;q=0.9',
  'user-agent' => 'Mozilla/5.0 (Windows NT 10.0; Win64; x64) AppleWebKit/537.36 (KHTML, like Gecko) Chrome/81.0.4044.113 Safari/537.36',
  'upgrade-insecure-requests' => '1',
  'cache-control' => 'max-age=0',
  'connection' => 'close',
  'host' => 'localhost',
)
[ info ] [ PARAM ] array (
)
[ info ] [ CACHE ] INIT File
[ info ] [ DB ] INIT mysql
[ info ] [ SESSION ] INIT array (
  'id' => '',
  'var_session_id' => '',
  'prefix' => 'think',
  'type' => '',
  'auto_start' => true,
)
[ info ] [ BEHAVIOR ] Run Closure @action_begin [ RunTime:0.001402s ]
[ info ] [ RUN ] app\admin\controller\Index->index[ D:\phpstudy_pro\WWW\qingkaoedu\application\admin\controller\Index.php ]
[ info ] [ VIEW ] D:\phpstudy_pro\WWW\qingkaoedu\public/../application/admin\view\index\index.html [ array (
  0 => 'userInfo',
  1 => 'navbar',
  2 => 'breadcrumb',
  3 => 'empty',
  4 => 'addtime',
  5 => 'index',
  6 => 'server',
  7 => 'teacherInfo',
  8 => 'url',
  9 => 'authoInfo',
  10 => 'version',
  11 => 'lastVersion',
  12 => 'tixianList',
  13 => 'profit',
) ]
[ info ] [ LOG ] INIT File
---------------------------------------------------------------
[ 2020-04-16T20:26:27+08:00 ] 0.0.0.0 GET localhost/admin/index/index.html
[运行时间：0.087091s] [吞吐率：11.48req/s] [内存消耗：7,382.02kb] [文件加载：82]
[ info ] [ BEHAVIOR ] Run Closure @app_init [ RunTime:0.000021s ]
[ info ] [ LANG ] D:\phpstudy_pro\WWW\qingkaoedu\thinkphp\lang\zh-cn.php
[ info ] [ ROUTE ] array (
  'type' => 'module',
  'module' => 
  array (
    0 => 'admin',
    1 => 'index',
    2 => 'index',
  ),
)
[ info ] [ HEADER ] array (
  'cookie' => 'PHPSESSID=3m3kd49ojj7sqqge2dvpqgc3v4',
  'accept-language' => 'zh-CN,zh;q=0.9,zh-HK;q=0.8',
  'accept-encoding' => 'gzip, deflate, br',
  'referer' => 'http://localhost/admin/course/videoadd.html',
  'sec-fetch-dest' => 'document',
  'sec-fetch-user' => '?1',
  'sec-fetch-mode' => 'navigate',
  'sec-fetch-site' => 'same-origin',
  'accept' => 'text/html,application/xhtml+xml,application/xml;q=0.9,image/webp,image/apng,*/*;q=0.8,application/signed-exchange;v=b3;q=0.9',
  'user-agent' => 'Mozilla/5.0 (Windows NT 10.0; Win64; x64) AppleWebKit/537.36 (KHTML, like Gecko) Chrome/81.0.4044.113 Safari/537.36',
  'upgrade-insecure-requests' => '1',
  'cache-control' => 'no-cache',
  'pragma' => 'no-cache',
  'connection' => 'close',
  'host' => 'localhost',
)
[ info ] [ PARAM ] array (
)
[ info ] [ CACHE ] INIT File
[ info ] [ DB ] INIT mysql
[ info ] [ SESSION ] INIT array (
  'id' => '',
  'var_session_id' => '',
  'prefix' => 'think',
  'type' => '',
  'auto_start' => true,
)
[ info ] [ BEHAVIOR ] Run Closure @action_begin [ RunTime:0.001660s ]
[ info ] [ RUN ] app\admin\controller\Index->index[ D:\phpstudy_pro\WWW\qingkaoedu\application\admin\controller\Index.php ]
[ info ] [ VIEW ] D:\phpstudy_pro\WWW\qingkaoedu\public/../application/admin\view\index\index.html [ array (
  0 => 'userInfo',
  1 => 'navbar',
  2 => 'breadcrumb',
  3 => 'empty',
  4 => 'addtime',
  5 => 'index',
  6 => 'server',
  7 => 'teacherInfo',
  8 => 'url',
  9 => 'authoInfo',
  10 => 'version',
  11 => 'lastVersion',
  12 => 'tixianList',
  13 => 'profit',
) ]
[ info ] [ LOG ] INIT File
