---------------------------------------------------------------
[ 2020-04-23T10:18:06+08:00 ] 0.0.0.0 GET localhost/admin/index/index.html
[ error ] [8]未定义数组索引: authorcode
[ error ] [8]未定义数组索引: endtime
[ error ] [8]未定义数组索引: authorcode
---------------------------------------------------------------
[ 2020-04-23T10:21:26+08:00 ] 0.0.0.0 GET localhost/admin/course/videoindex
[ error ] [8]未定义变量: map
---------------------------------------------------------------
[ 2020-04-23T10:21:57+08:00 ] 0.0.0.0 GET localhost/admin/course/videoindex
[ error ] [8]未定义变量: map
---------------------------------------------------------------
[ 2020-04-23T10:23:50+08:00 ] 0.0.0.0 GET localhost/admin/course/videoindex
[ error ] [8]未定义变量: map
---------------------------------------------------------------
[ 2020-04-23T10:23:54+08:00 ] 0.0.0.0 GET localhost/admin/course/videoadmin/id/1.html
[ error ] [8]未定义数组索引: 
---------------------------------------------------------------
[ 2020-04-23T10:24:04+08:00 ] 0.0.0.0 GET localhost/admin/course/videoindex
[ error ] [8]未定义变量: map
---------------------------------------------------------------
[ 2020-04-23T10:24:31+08:00 ] 0.0.0.0 GET localhost/admin/course/videoindex.html
[ error ] [8]未定义变量: map
---------------------------------------------------------------
[ 2020-04-23T10:25:38+08:00 ] 0.0.0.0 GET localhost/admin/course/videoindex.html
[ error ] [8]未定义变量: map
[ error ] [2]count(): Parameter must be an array or an object that implements Countable
---------------------------------------------------------------
[ 2020-04-23T10:26:25+08:00 ] 0.0.0.0 GET localhost/admin/course/videoindex.html
[ error ] [8]未定义变量: map
[ error ] [2]count(): Parameter must be an array or an object that implements Countable
[ error ] [2]count(): Parameter must be an array or an object that implements Countable
---------------------------------------------------------------
[ 2020-04-23T10:26:40+08:00 ] 0.0.0.0 GET localhost/admin/course/videoindex.html
[ error ] [8]未定义变量: map
[ error ] [2]count(): Parameter must be an array or an object that implements Countable
[ error ] [2]count(): Parameter must be an array or an object that implements Countable
---------------------------------------------------------------
[ 2020-04-23T10:26:43+08:00 ] 0.0.0.0 GET localhost/admin/course/videoadmin/id/1.html
[ error ] [8]未定义数组索引: 
---------------------------------------------------------------
[ 2020-04-23T10:26:45+08:00 ] 0.0.0.0 GET localhost/admin/course/videoaddsection/cid/1.html
[ error ] [8]未定义变量: data
---------------------------------------------------------------
[ 2020-04-23T10:27:04+08:00 ] 0.0.0.0 GET localhost/admin/course/videolist.html
[ error ] [8]未定义数组索引: page
[ error ] [8]未定义数组索引: page
[ error ] [8]未定义数组索引: categoryId
[ error ] [8]未定义变量: v
---------------------------------------------------------------
[ 2020-04-23T14:45:48+08:00 ] 0.0.0.0 GET localhost/admin/classroom/index
[ error ] [8]未定义变量: map
[ error ] [2]count(): Parameter must be an array or an object that implements Countable
[ error ] [2]count(): Parameter must be an array or an object that implements Countable
[ error ] [2]count(): Parameter must be an array or an object that implements Countable
[ error ] [2]count(): Parameter must be an array or an object that implements Countable
---------------------------------------------------------------
[ 2020-04-23T14:45:52+08:00 ] 0.0.0.0 GET localhost/admin/classroom/edit/id/1.html
[ error ] [8]未定义变量: headteacher
[ error ] [8]未定义变量: headteacher
[ error ] [8]未定义变量: headteacher
---------------------------------------------------------------
[ 2020-04-23T16:24:25+08:00 ] 0.0.0.0 GET localhost/admin/article/index
[ error ] [8]未定义变量: map
---------------------------------------------------------------
[ 2020-04-23T16:24:50+08:00 ] 0.0.0.0 GET localhost/admin/educloud/videoList
[ error ] [8]未定义数组索引: page
[ error ] [8]未定义数组索引: page
---------------------------------------------------------------
[ 2020-04-23T16:25:12+08:00 ] 0.0.0.0 GET localhost/admin/index/index.html
[ error ] [8]未定义数组索引: authorcode
[ error ] [8]未定义数组索引: endtime
[ error ] [8]未定义数组索引: authorcode
---------------------------------------------------------------
[ 2020-04-23T16:42:47+08:00 ] 0.0.0.0 GET localhost/admin/course/videoindex
[ error ] [8]未定义变量: map
[ error ] [2]count(): Parameter must be an array or an object that implements Countable
[ error ] [2]count(): Parameter must be an array or an object that implements Countable
---------------------------------------------------------------
[ 2020-04-23T16:42:54+08:00 ] 0.0.0.0 GET localhost/admin/classroom/index
[ error ] [8]未定义变量: map
[ error ] [2]count(): Parameter must be an array or an object that implements Countable
[ error ] [2]count(): Parameter must be an array or an object that implements Countable
[ error ] [2]count(): Parameter must be an array or an object that implements Countable
[ error ] [2]count(): Parameter must be an array or an object that implements Countable
---------------------------------------------------------------
[ 2020-04-23T16:44:54+08:00 ] 0.0.0.0 GET localhost/admin/classroom/edit/id/2.html
[ error ] [8]未定义变量: headteacher
[ error ] [8]未定义变量: headteacher
[ error ] [8]未定义变量: headteacher
---------------------------------------------------------------
[ 2020-04-23T16:45:03+08:00 ] 0.0.0.0 GET localhost/admin/classroom/index
[ error ] [8]未定义变量: map
[ error ] [2]count(): Parameter must be an array or an object that implements Countable
[ error ] [2]count(): Parameter must be an array or an object that implements Countable
[ error ] [2]count(): Parameter must be an array or an object that implements Countable
[ error ] [2]count(): Parameter must be an array or an object that implements Countable
---------------------------------------------------------------
[ 2020-04-23T16:45:38+08:00 ] 0.0.0.0 GET localhost/admin/classroom/add.html
[ error ] [8]未定义变量: headteacher
[ error ] [8]未定义变量: headteacher
[ error ] [8]未定义变量: headteacher
---------------------------------------------------------------
[ 2020-04-23T16:46:15+08:00 ] 0.0.0.0 GET localhost/admin/classroom/index
[ error ] [8]未定义变量: map
[ error ] [2]count(): Parameter must be an array or an object that implements Countable
[ error ] [2]count(): Parameter must be an array or an object that implements Countable
[ error ] [2]count(): Parameter must be an array or an object that implements Countable
[ error ] [2]count(): Parameter must be an array or an object that implements Countable
---------------------------------------------------------------
[ 2020-04-23T16:47:20+08:00 ] 0.0.0.0 GET localhost/admin/course/videoindex
[ error ] [8]未定义变量: map
[ error ] [2]count(): Parameter must be an array or an object that implements Countable
[ error ] [2]count(): Parameter must be an array or an object that implements Countable
---------------------------------------------------------------
[ 2020-04-23T16:47:34+08:00 ] 0.0.0.0 GET localhost/
[ error ] [2]count(): Parameter must be an array or an object that implements Countable
[ error ] [2]count(): Parameter must be an array or an object that implements Countable
[ error ] [2]count(): Parameter must be an array or an object that implements Countable
[ error ] [2]count(): Parameter must be an array or an object that implements Countable
---------------------------------------------------------------
[ 2020-04-23T16:47:54+08:00 ] 0.0.0.0 GET localhost/classroominfo/bk5.html
[ error ] [2]Invalid argument supplied for foreach()
[ error ] [8]未定义变量: videoIds
[ error ] [8]未定义变量: teacherId
[ error ] [2]array_flip() expects parameter 1 to be array, null given
[ error ] [2]array_flip() expects parameter 1 to be array, null given
[ error ] [8]未定义变量: videoStudied
[ error ] [2]array_sum() expects parameter 1 to be array, null given
[ error ] [8]未定义变量: liveStudied
[ error ] [2]array_sum() expects parameter 1 to be array, null given
[ error ] [8]未定义变量: videoCourseNum
[ error ] [2]array_sum() expects parameter 1 to be array, null given
[ error ] [8]未定义变量: liveCourseNum
[ error ] [2]array_sum() expects parameter 1 to be array, null given
[ error ] [2]Division by zero
[ error ] [8]未定义变量: videoIds
[ error ] [8]未定义变量: liveIds
[ error ] [8]未定义变量: videoProgress
[ error ] [8]未定义变量: liveProgress
[ error ] [2]count(): Parameter must be an array or an object that implements Countable
[ error ] [8]未定义变量: is
[ error ] [8]未定义变量: teacherInfo
[ error ] [8]未定义变量: teacherInfo
[ error ] [8]未定义变量: teacherInfo
[ error ] [8]未定义变量: teacherInfo
[ error ] [8]未定义变量: teacherInfo
---------------------------------------------------------------
[ 2020-04-23T16:48:11+08:00 ] 0.0.0.0 GET localhost/
[ error ] [2]count(): Parameter must be an array or an object that implements Countable
[ error ] [2]count(): Parameter must be an array or an object that implements Countable
[ error ] [2]count(): Parameter must be an array or an object that implements Countable
[ error ] [2]count(): Parameter must be an array or an object that implements Countable
---------------------------------------------------------------
[ 2020-04-23T16:49:57+08:00 ] 0.0.0.0 GET localhost/admin/classroom/index
[ error ] [8]未定义变量: map
[ error ] [2]count(): Parameter must be an array or an object that implements Countable
[ error ] [2]count(): Parameter must be an array or an object that implements Countable
[ error ] [2]count(): Parameter must be an array or an object that implements Countable
[ error ] [2]count(): Parameter must be an array or an object that implements Countable
---------------------------------------------------------------
[ 2020-04-23T16:50:02+08:00 ] 0.0.0.0 GET localhost/admin/classroom/add.html
[ error ] [8]未定义变量: headteacher
[ error ] [8]未定义变量: headteacher
[ error ] [8]未定义变量: headteacher
---------------------------------------------------------------
[ 2020-04-23T16:52:37+08:00 ] 0.0.0.0 GET localhost/admin/classroom/add.html
[ error ] [8]未定义变量: headteacher
[ error ] [8]未定义变量: headteacher
[ error ] [8]未定义变量: headteacher
---------------------------------------------------------------
[ 2020-04-23T16:53:29+08:00 ] 0.0.0.0 GET localhost/admin/classroom/add.html
[ error ] [8]未定义变量: headteacher
[ error ] [8]未定义变量: headteacher
[ error ] [8]未定义变量: headteacher
---------------------------------------------------------------
[ 2020-04-23T16:53:35+08:00 ] 0.0.0.0 GET localhost/admin/classroom/add.html
[ error ] [8]未定义变量: headteacher
[ error ] [8]未定义变量: headteacher
[ error ] [8]未定义变量: headteacher
---------------------------------------------------------------
[ 2020-04-23T16:53:52+08:00 ] 0.0.0.0 GET localhost/admin/article/index
[ error ] [8]未定义变量: map
---------------------------------------------------------------
[ 2020-04-23T16:57:13+08:00 ] 0.0.0.0 GET localhost/admin/classroom/index
[ error ] [8]未定义变量: map
[ error ] [2]count(): Parameter must be an array or an object that implements Countable
[ error ] [2]count(): Parameter must be an array or an object that implements Countable
[ error ] [2]count(): Parameter must be an array or an object that implements Countable
[ error ] [2]count(): Parameter must be an array or an object that implements Countable
---------------------------------------------------------------
[ 2020-04-23T16:57:22+08:00 ] 0.0.0.0 GET localhost/admin/classroom/index
[ error ] [8]未定义变量: map
[ error ] [2]count(): Parameter must be an array or an object that implements Countable
[ error ] [2]count(): Parameter must be an array or an object that implements Countable
[ error ] [2]count(): Parameter must be an array or an object that implements Countable
[ error ] [2]count(): Parameter must be an array or an object that implements Countable
---------------------------------------------------------------
[ 2020-04-23T16:57:24+08:00 ] 0.0.0.0 GET localhost/admin/classroom/add.html
[ error ] [8]未定义变量: user
[ error ] [8]未定义变量: user
[ error ] [8]未定义变量: user
---------------------------------------------------------------
[ 2020-04-23T17:00:11+08:00 ] 0.0.0.0 GET localhost/admin/classroom/add.html
[ error ] [8]未定义变量: user
[ error ] [8]未定义变量: user
[ error ] [8]未定义变量: user
---------------------------------------------------------------
[ 2020-04-23T17:03:04+08:00 ] 0.0.0.0 GET localhost/admin/classroom/add.html
[ error ] [0]类的属性不存在:app\common\model\User->pid
---------------------------------------------------------------
[ 2020-04-23T17:03:21+08:00 ] 0.0.0.0 GET localhost/admin/classroom/add.html
[ error ] [8]未定义变量: user
[ error ] [8]未定义变量: user
[ error ] [8]未定义变量: user
---------------------------------------------------------------
[ 2020-04-23T17:07:14+08:00 ] 0.0.0.0 GET localhost/admin/course/videoindex
[ error ] [8]未定义变量: map
[ error ] [2]count(): Parameter must be an array or an object that implements Countable
[ error ] [2]count(): Parameter must be an array or an object that implements Countable
---------------------------------------------------------------
[ 2020-04-23T17:07:21+08:00 ] 0.0.0.0 GET localhost/admin/course/videoindex
[ error ] [8]未定义变量: map
[ error ] [2]count(): Parameter must be an array or an object that implements Countable
[ error ] [2]count(): Parameter must be an array or an object that implements Countable
---------------------------------------------------------------
[ 2020-04-23T17:07:26+08:00 ] 0.0.0.0 GET localhost/admin/course/videoindex
[ error ] [8]未定义变量: map
[ error ] [2]count(): Parameter must be an array or an object that implements Countable
[ error ] [2]count(): Parameter must be an array or an object that implements Countable
---------------------------------------------------------------
[ 2020-04-23T17:07:37+08:00 ] 0.0.0.0 GET localhost/admin/course/xueyuanlist/cid/1/type/1.html
[ error ] [8]未定义变量: data
---------------------------------------------------------------
[ 2020-04-23T17:07:58+08:00 ] 0.0.0.0 GET localhost/admin/course/videoindex
[ error ] [8]未定义变量: map
[ error ] [2]count(): Parameter must be an array or an object that implements Countable
[ error ] [2]count(): Parameter must be an array or an object that implements Countable
---------------------------------------------------------------
[ 2020-04-23T17:22:44+08:00 ] 0.0.0.0 GET localhost/admin/classroom/index
[ error ] [8]未定义变量: map
[ error ] [2]count(): Parameter must be an array or an object that implements Countable
[ error ] [2]count(): Parameter must be an array or an object that implements Countable
[ error ] [2]count(): Parameter must be an array or an object that implements Countable
[ error ] [2]count(): Parameter must be an array or an object that implements Countable
---------------------------------------------------------------
[ 2020-04-23T17:22:46+08:00 ] 0.0.0.0 GET localhost/admin/classroom/add.html
[ error ] [8]未定义变量: data
[ error ] [8]未定义变量: data
[ error ] [8]未定义变量: data
[ error ] [8]未定义变量: data
---------------------------------------------------------------
[ 2020-04-23T17:23:27+08:00 ] 0.0.0.0 GET localhost/admin/classroom/index
[ error ] [8]未定义变量: map
[ error ] [2]count(): Parameter must be an array or an object that implements Countable
[ error ] [2]count(): Parameter must be an array or an object that implements Countable
[ error ] [2]count(): Parameter must be an array or an object that implements Countable
[ error ] [2]count(): Parameter must be an array or an object that implements Countable
---------------------------------------------------------------
[ 2020-04-23T17:23:32+08:00 ] 0.0.0.0 GET localhost/admin/classroom/edit/id/1.html
[ error ] [8]未定义变量: zhang
[ error ] [8]未定义变量: zhang
[ error ] [8]未定义变量: zhang
---------------------------------------------------------------
[ 2020-04-23T17:28:44+08:00 ] 0.0.0.0 GET localhost/admin/classroom/index.html
[ error ] [8]未定义变量: map
[ error ] [2]count(): Parameter must be an array or an object that implements Countable
[ error ] [2]count(): Parameter must be an array or an object that implements Countable
[ error ] [2]count(): Parameter must be an array or an object that implements Countable
[ error ] [2]count(): Parameter must be an array or an object that implements Countable
---------------------------------------------------------------
[ 2020-04-23T17:33:53+08:00 ] 0.0.0.0 GET localhost/admin/classroom/index.html
[ error ] [8]未定义变量: map
[ error ] [8]未定义数组索引: headteacher
[ error ] [2]count(): Parameter must be an array or an object that implements Countable
[ error ] [2]count(): Parameter must be an array or an object that implements Countable
[ error ] [2]count(): Parameter must be an array or an object that implements Countable
[ error ] [2]count(): Parameter must be an array or an object that implements Countable
---------------------------------------------------------------
[ 2020-04-23T17:34:24+08:00 ] 0.0.0.0 GET localhost/admin/classroom/index.html
[ error ] [8]未定义变量: map
[ error ] [8]未定义数组索引: headteacher
[ error ] [2]count(): Parameter must be an array or an object that implements Countable
[ error ] [8]未定义数组索引: headteacher
[ error ] [2]count(): Parameter must be an array or an object that implements Countable
[ error ] [8]未定义数组索引: headteacher
[ error ] [2]count(): Parameter must be an array or an object that implements Countable
[ error ] [8]未定义数组索引: headteacher
[ error ] [2]count(): Parameter must be an array or an object that implements Countable
[ error ] [8]未定义数组索引: headteacher
---------------------------------------------------------------
[ 2020-04-23T17:36:32+08:00 ] 0.0.0.0 GET localhost/admin/classroom/index.html
[ error ] [8]未定义变量: map
[ error ] [8]未定义数组索引: headteacher
[ error ] [2]count(): Parameter must be an array or an object that implements Countable
[ error ] [8]未定义数组索引: headteacher
[ error ] [2]count(): Parameter must be an array or an object that implements Countable
[ error ] [8]未定义数组索引: headteacher
[ error ] [2]count(): Parameter must be an array or an object that implements Countable
[ error ] [8]未定义数组索引: headteacher
[ error ] [2]count(): Parameter must be an array or an object that implements Countable
[ error ] [8]未定义数组索引: headteacher
---------------------------------------------------------------
[ 2020-04-23T17:37:02+08:00 ] 0.0.0.0 GET localhost/admin/classroom/index.html
[ error ] [8]未定义变量: map
[ error ] [8]未定义数组索引: headteacher
[ error ] [2]count(): Parameter must be an array or an object that implements Countable
[ error ] [8]未定义数组索引: headteacher
[ error ] [2]count(): Parameter must be an array or an object that implements Countable
[ error ] [8]未定义数组索引: headteacher
[ error ] [2]count(): Parameter must be an array or an object that implements Countable
[ error ] [8]未定义数组索引: headteacher
[ error ] [2]count(): Parameter must be an array or an object that implements Countable
[ error ] [8]未定义数组索引: headteacher
---------------------------------------------------------------
[ 2020-04-23T17:44:46+08:00 ] 0.0.0.0 GET localhost/admin/classroom/index.html
[ error ] [8]未定义变量: map
[ error ] [8]未定义数组索引: headteacher
[ error ] [8]未定义变量: headteacher
[ error ] [0]method not exist:think\db\Query->getFields
---------------------------------------------------------------
[ 2020-04-23T19:18:05+08:00 ] 0.0.0.0 GET localhost/admin/course/videoindex
[ error ] [8]未定义变量: map
[ error ] [2]count(): Parameter must be an array or an object that implements Countable
[ error ] [2]count(): Parameter must be an array or an object that implements Countable
---------------------------------------------------------------
[ 2020-04-23T19:21:39+08:00 ] 0.0.0.0 GET localhost/admin/index/index.html
[ error ] [8]未定义数组索引: authorcode
[ error ] [8]未定义数组索引: endtime
[ error ] [8]未定义数组索引: authorcode
---------------------------------------------------------------
[ 2020-04-23T19:26:26+08:00 ] 0.0.0.0 GET localhost/admin/index/index.html
[ error ] [8]未定义数组索引: authorcode
[ error ] [8]未定义数组索引: endtime
[ error ] [8]未定义数组索引: authorcode
---------------------------------------------------------------
[ 2020-04-23T19:43:21+08:00 ] 0.0.0.0 GET localhost/admin/classroom/index
[ error ] [0]method not exist:think\db\Query->category
---------------------------------------------------------------
[ 2020-04-23T19:43:29+08:00 ] 0.0.0.0 GET localhost/admin/classroom/index
[ error ] [0]method not exist:think\db\Query->category
---------------------------------------------------------------
[ 2020-04-23T19:44:33+08:00 ] 0.0.0.0 GET localhost/admin/classroom/index
[ error ] [0]method not exist:think\db\Query->user
---------------------------------------------------------------
[ 2020-04-23T19:51:06+08:00 ] 0.0.0.0 GET localhost/admin/classroom/index
[ error ] [8]未定义变量: map
[ error ] [8]未定义数组索引: headteacher
[ error ] [2]count(): Parameter must be an array or an object that implements Countable
[ error ] [4096]Object of class think\db\Query could not be converted to string
[ error ] [2]count(): Parameter must be an array or an object that implements Countable
[ error ] [4096]Object of class think\db\Query could not be converted to string
[ error ] [2]count(): Parameter must be an array or an object that implements Countable
[ error ] [4096]Object of class think\db\Query could not be converted to string
[ error ] [2]count(): Parameter must be an array or an object that implements Countable
[ error ] [4096]Object of class think\db\Query could not be converted to string
---------------------------------------------------------------
[ 2020-04-23T19:51:16+08:00 ] 0.0.0.0 GET localhost/admin/classroom/index
[ error ] [8]未定义变量: map
[ error ] [8]未定义数组索引: headteacher
[ error ] [2]count(): Parameter must be an array or an object that implements Countable
[ error ] [4096]Object of class think\db\Query could not be converted to string
[ error ] [2]count(): Parameter must be an array or an object that implements Countable
[ error ] [4096]Object of class think\db\Query could not be converted to string
[ error ] [2]count(): Parameter must be an array or an object that implements Countable
[ error ] [4096]Object of class think\db\Query could not be converted to string
[ error ] [2]count(): Parameter must be an array or an object that implements Countable
[ error ] [4096]Object of class think\db\Query could not be converted to string
---------------------------------------------------------------
[ 2020-04-23T19:51:56+08:00 ] 0.0.0.0 GET localhost/admin/classroom/index
[ error ] [8]未定义变量: map
[ error ] [8]未定义数组索引: headteacher
[ error ] [2]count(): Parameter must be an array or an object that implements Countable
[ error ] [4096]Object of class think\db\Query could not be converted to string
[ error ] [2]count(): Parameter must be an array or an object that implements Countable
[ error ] [4096]Object of class think\db\Query could not be converted to string
[ error ] [2]count(): Parameter must be an array or an object that implements Countable
[ error ] [4096]Object of class think\db\Query could not be converted to string
[ error ] [2]count(): Parameter must be an array or an object that implements Countable
[ error ] [4096]Object of class think\db\Query could not be converted to string
---------------------------------------------------------------
[ 2020-04-23T19:53:36+08:00 ] 0.0.0.0 GET localhost/admin/classroom/index
[ error ] [8]未定义变量: map
[ error ] [8]未定义数组索引: headteacher
[ error ] [4096]Object of class think\db\Query could not be converted to string
---------------------------------------------------------------
[ 2020-04-23T20:13:58+08:00 ] 0.0.0.0 GET localhost/admin/classroom/index.html
[ error ] [8]未定义变量: map
[ error ] [8]未定义数组索引: headteacher
[ error ] [4096]Object of class think\db\Query could not be converted to string
---------------------------------------------------------------
[ 2020-04-23T20:14:53+08:00 ] 0.0.0.0 GET localhost/admin/classroom/index.html
[ error ] [8]未定义变量: map
[ error ] [8]未定义数组索引: headteacher
[ error ] [2]count(): Parameter must be an array or an object that implements Countable
[ error ] [4096]Object of class think\db\Query could not be converted to string
[ error ] [2]count(): Parameter must be an array or an object that implements Countable
[ error ] [4096]Object of class think\db\Query could not be converted to string
[ error ] [2]count(): Parameter must be an array or an object that implements Countable
[ error ] [4096]Object of class think\db\Query could not be converted to string
[ error ] [2]count(): Parameter must be an array or an object that implements Countable
[ error ] [4096]Object of class think\db\Query could not be converted to string
---------------------------------------------------------------
[ 2020-04-23T20:15:28+08:00 ] 0.0.0.0 GET localhost/admin/classroom/index.html
[ error ] [8]未定义变量: map
[ error ] [8]未定义数组索引: headteacher
---------------------------------------------------------------
[ 2020-04-23T20:15:57+08:00 ] 0.0.0.0 GET localhost/admin/classroom/index.html
[ error ] [8]未定义变量: map
[ error ] [8]未定义数组索引: headteacher
[ error ] [2]count(): Parameter must be an array or an object that implements Countable
[ error ] [4096]Object of class think\db\Query could not be converted to string
[ error ] [2]count(): Parameter must be an array or an object that implements Countable
[ error ] [4096]Object of class think\db\Query could not be converted to string
[ error ] [2]count(): Parameter must be an array or an object that implements Countable
[ error ] [4096]Object of class think\db\Query could not be converted to string
[ error ] [2]count(): Parameter must be an array or an object that implements Countable
[ error ] [4096]Object of class think\db\Query could not be converted to string
---------------------------------------------------------------
[ 2020-04-23T20:16:41+08:00 ] 0.0.0.0 GET localhost/admin/classroom/index.html
[ error ] [8]未定义变量: map
[ error ] [8]未定义数组索引: headteacher
---------------------------------------------------------------
[ 2020-04-23T20:17:07+08:00 ] 0.0.0.0 GET localhost/admin/classroom/index.html
[ error ] [8]未定义变量: map
[ error ] [8]未定义数组索引: headteacher
[ error ] [2]count(): Parameter must be an array or an object that implements Countable
[ error ] [4096]Object of class think\db\Query could not be converted to string
[ error ] [2]count(): Parameter must be an array or an object that implements Countable
[ error ] [4096]Object of class think\db\Query could not be converted to string
[ error ] [2]count(): Parameter must be an array or an object that implements Countable
[ error ] [4096]Object of class think\db\Query could not be converted to string
[ error ] [2]count(): Parameter must be an array or an object that implements Countable
[ error ] [4096]Object of class think\db\Query could not be converted to string
---------------------------------------------------------------
[ 2020-04-23T20:17:24+08:00 ] 0.0.0.0 GET localhost/admin/classroom/index.html
[ error ] [8]未定义变量: map
[ error ] [8]未定义数组索引: headteacher
[ error ] [2]count(): Parameter must be an array or an object that implements Countable
[ error ] [4096]Object of class think\db\Query could not be converted to string
[ error ] [2]count(): Parameter must be an array or an object that implements Countable
[ error ] [4096]Object of class think\db\Query could not be converted to string
[ error ] [2]count(): Parameter must be an array or an object that implements Countable
[ error ] [4096]Object of class think\db\Query could not be converted to string
[ error ] [2]count(): Parameter must be an array or an object that implements Countable
[ error ] [4096]Object of class think\db\Query could not be converted to string
---------------------------------------------------------------
[ 2020-04-23T20:24:21+08:00 ] 0.0.0.0 GET localhost/admin/classroom/index.html
[ error ] [8]未定义变量: map
[ error ] [8]未定义数组索引: headteacher
[ error ] [2]count(): Parameter must be an array or an object that implements Countable
[ error ] [4096]Object of class think\db\Query could not be converted to string
[ error ] [2]count(): Parameter must be an array or an object that implements Countable
[ error ] [4096]Object of class think\db\Query could not be converted to string
[ error ] [2]count(): Parameter must be an array or an object that implements Countable
[ error ] [4096]Object of class think\db\Query could not be converted to string
[ error ] [2]count(): Parameter must be an array or an object that implements Countable
[ error ] [4096]Object of class think\db\Query could not be converted to string
---------------------------------------------------------------
[ 2020-04-23T20:26:05+08:00 ] 0.0.0.0 GET localhost/admin/classroom/index.html
[ error ] [8]未定义变量: map
[ error ] [8]未定义数组索引: headteacher
[ error ] [10501]SQLSTATE[42S02]: Base table or view not found: 1146 Table 'qingkaoedu.headteacher' doesn't exist
---------------------------------------------------------------
[ 2020-04-23T20:27:46+08:00 ] 0.0.0.0 GET localhost/admin/classroom/index.html
[ error ] [8]未定义变量: map
[ error ] [8]未定义数组索引: headteacher
[ error ] [2]count(): Parameter must be an array or an object that implements Countable
[ error ] [2]count(): Parameter must be an array or an object that implements Countable
[ error ] [2]count(): Parameter must be an array or an object that implements Countable
[ error ] [2]count(): Parameter must be an array or an object that implements Countable
---------------------------------------------------------------
[ 2020-04-23T20:28:49+08:00 ] 0.0.0.0 GET localhost/admin/classroom/index.html
[ error ] [8]未定义数组索引: headteacher
[ error ] [2]count(): Parameter must be an array or an object that implements Countable
[ error ] [2]count(): Parameter must be an array or an object that implements Countable
[ error ] [2]count(): Parameter must be an array or an object that implements Countable
[ error ] [2]count(): Parameter must be an array or an object that implements Countable
---------------------------------------------------------------
[ 2020-04-23T20:28:54+08:00 ] 0.0.0.0 GET localhost/admin/classroom/index.html
[ error ] [8]未定义数组索引: headteacher
[ error ] [2]count(): Parameter must be an array or an object that implements Countable
[ error ] [2]count(): Parameter must be an array or an object that implements Countable
[ error ] [2]count(): Parameter must be an array or an object that implements Countable
[ error ] [2]count(): Parameter must be an array or an object that implements Countable
---------------------------------------------------------------
[ 2020-04-23T20:28:55+08:00 ] 0.0.0.0 GET localhost/admin/classroom/index.html
[ error ] [8]未定义数组索引: headteacher
[ error ] [2]count(): Parameter must be an array or an object that implements Countable
[ error ] [2]count(): Parameter must be an array or an object that implements Countable
[ error ] [2]count(): Parameter must be an array or an object that implements Countable
[ error ] [2]count(): Parameter must be an array or an object that implements Countable
---------------------------------------------------------------
[ 2020-04-23T20:29:00+08:00 ] 0.0.0.0 GET localhost/admin/classroom/index.html
[ error ] [8]未定义数组索引: headteacher
[ error ] [2]count(): Parameter must be an array or an object that implements Countable
[ error ] [2]count(): Parameter must be an array or an object that implements Countable
[ error ] [2]count(): Parameter must be an array or an object that implements Countable
[ error ] [2]count(): Parameter must be an array or an object that implements Countable
---------------------------------------------------------------
[ 2020-04-23T20:29:24+08:00 ] 0.0.0.0 GET localhost/admin/classroom/index.html
[ error ] [8]未定义数组索引: headteacher
[ error ] [2]count(): Parameter must be an array or an object that implements Countable
[ error ] [2]count(): Parameter must be an array or an object that implements Countable
[ error ] [2]count(): Parameter must be an array or an object that implements Countable
[ error ] [2]count(): Parameter must be an array or an object that implements Countable
---------------------------------------------------------------
[ 2020-04-23T20:30:14+08:00 ] 0.0.0.0 GET localhost/admin/classroom/index.html
[ error ] [2]count(): Parameter must be an array or an object that implements Countable
[ error ] [8]未定义变量: headteacher
[ error ] [2]count(): Parameter must be an array or an object that implements Countable
[ error ] [8]未定义变量: headteacher
[ error ] [2]count(): Parameter must be an array or an object that implements Countable
[ error ] [8]未定义变量: headteacher
[ error ] [2]count(): Parameter must be an array or an object that implements Countable
[ error ] [8]未定义变量: headteacher
---------------------------------------------------------------
[ 2020-04-23T20:30:49+08:00 ] 0.0.0.0 GET localhost/admin/classroom/index.html
[ error ] [8]未定义变量: map
[ error ] [2]count(): Parameter must be an array or an object that implements Countable
[ error ] [8]未定义变量: headteacher
[ error ] [2]count(): Parameter must be an array or an object that implements Countable
[ error ] [8]未定义变量: headteacher
[ error ] [2]count(): Parameter must be an array or an object that implements Countable
[ error ] [8]未定义变量: headteacher
[ error ] [2]count(): Parameter must be an array or an object that implements Countable
[ error ] [8]未定义变量: headteacher
---------------------------------------------------------------
[ 2020-04-23T20:31:34+08:00 ] 0.0.0.0 GET localhost/admin/classroom/index.html
[ error ] [8]未定义变量: map
[ error ] [2]count(): Parameter must be an array or an object that implements Countable
[ error ] [2]count(): Parameter must be an array or an object that implements Countable
[ error ] [2]count(): Parameter must be an array or an object that implements Countable
[ error ] [2]count(): Parameter must be an array or an object that implements Countable
---------------------------------------------------------------
[ 2020-04-23T20:31:42+08:00 ] 0.0.0.0 GET localhost/admin/classroom/index.html
[ error ] [8]未定义变量: map
[ error ] [2]count(): Parameter must be an array or an object that implements Countable
[ error ] [2]count(): Parameter must be an array or an object that implements Countable
[ error ] [2]count(): Parameter must be an array or an object that implements Countable
[ error ] [2]count(): Parameter must be an array or an object that implements Countable
---------------------------------------------------------------
[ 2020-04-23T20:32:26+08:00 ] 0.0.0.0 GET localhost/admin/classroom/index.html
[ error ] [8]未定义变量: map
[ error ] [2]count(): Parameter must be an array or an object that implements Countable
[ error ] [2]count(): Parameter must be an array or an object that implements Countable
[ error ] [2]count(): Parameter must be an array or an object that implements Countable
[ error ] [2]count(): Parameter must be an array or an object that implements Countable
---------------------------------------------------------------
[ 2020-04-23T20:32:55+08:00 ] 0.0.0.0 GET localhost/admin/classroom/index.html
[ error ] [8]未定义变量: map
[ error ] [2]count(): Parameter must be an array or an object that implements Countable
[ error ] [2]count(): Parameter must be an array or an object that implements Countable
[ error ] [2]count(): Parameter must be an array or an object that implements Countable
[ error ] [2]count(): Parameter must be an array or an object that implements Countable
---------------------------------------------------------------
[ 2020-04-23T20:33:07+08:00 ] 0.0.0.0 GET localhost/admin/classroom/index.html
[ error ] [8]未定义变量: map
[ error ] [2]count(): Parameter must be an array or an object that implements Countable
[ error ] [2]count(): Parameter must be an array or an object that implements Countable
[ error ] [2]count(): Parameter must be an array or an object that implements Countable
[ error ] [2]count(): Parameter must be an array or an object that implements Countable
---------------------------------------------------------------
[ 2020-04-23T20:49:40+08:00 ] 0.0.0.0 GET localhost/admin/classroom/index.html
[ error ] [8]未定义变量: map
[ error ] [2]count(): Parameter must be an array or an object that implements Countable
[ error ] [2]count(): Parameter must be an array or an object that implements Countable
[ error ] [2]count(): Parameter must be an array or an object that implements Countable
[ error ] [2]count(): Parameter must be an array or an object that implements Countable
---------------------------------------------------------------
[ 2020-04-23T20:49:49+08:00 ] 0.0.0.0 GET localhost/admin/classroom/index
[ error ] [8]未定义变量: map
[ error ] [2]count(): Parameter must be an array or an object that implements Countable
[ error ] [2]count(): Parameter must be an array or an object that implements Countable
[ error ] [2]count(): Parameter must be an array or an object that implements Countable
[ error ] [2]count(): Parameter must be an array or an object that implements Countable
